#
# A fatal error has been detected by the Java Runtime Environment:
#
#  EXCEPTION_ACCESS_VIOLATION (0xc0000005) at pc=0x00007ffd8dc8ed95, pid=20008, tid=21372
#
# JRE version: Java(TM) SE Runtime Environment (9.0+11) (build 9.0.4+11)
# Java VM: Java HotSpot(TM) 64-Bit Server VM (9.0.4+11, mixed mode, tiered, compressed oops, g1 gc, windows-amd64)
# Problematic frame:
# C  [librdi_common.dll+0x17ed95]
#
# No core dump will be written. Minidumps are not enabled by default on client versions of Windows
#
# If you would like to submit a bug report, please visit:
#   http://bugreport.java.com/bugreport/crash.jsp
# The crash happened outside the Java Virtual Machine in native code.
# See problematic frame for where to report the bug.
#

---------------  S U M M A R Y ------------

Command Line: -Dsun.java2d.pmoffscreen=false -Dsun.java2d.xrender=false -Dsun.java2d.d3d=false -Dsun.awt.nopixfmt=true -Dsun.java2d.dpiaware=true -Dsun.java2d.uiScale.enabled=false -Xverify:none -Dswing.aatext=true -XX:-UsePerfData -Djdk.map.althashing.threshold=512 -XX:StringTableSize=4072 --add-opens=java.base/java.nio=ALL-UNNAMED --add-opens=java.desktop/sun.swing=ALL-UNNAMED --add-opens=java.desktop/javax.swing=ALL-UNNAMED --add-opens=java.desktop/javax.swing.tree=ALL-UNNAMED --add-opens=java.desktop/javax.swing.plaf.basic=ALL-UNNAMED --add-opens=java.desktop/javax.swing.plaf.synth=ALL-UNNAMED --add-opens=java.desktop/com.sun.awt=ALL-UNNAMED -XX:NewSize=60m -XX:MaxNewSize=60m -Xms128m -Xmx3072m -Xss5m 

Host: AMD Ryzen 7 5800H with Radeon Graphics         , 16 cores, 5G,  Windows 10 , 64 bit Build 22621 (10.0.22621.5262)
Time: Mon Jun 02 11:03:39 2025 India Standard Time elapsed time: 4123 seconds (0d 1h 8m 43s)

---------------  T H R E A D  ---------------

Current thread (0x000001831e4a5800):  JavaThread "AWT-EventQueue-1" [_thread_in_native, id=21372, stack(0x000000139a500000,0x000000139aa00000)]

Stack: [0x000000139a500000,0x000000139aa00000],  sp=0x000000139a9fb170,  free space=5100k
Native frames: (J=compiled Java code, j=interpreted, Vv=VM code, C=native code)
C  [librdi_common.dll+0x17ed95]
C  [librdi_common.dll+0x173b75]
C  [librdi_common.dll+0x13cd4a]
C  [librdi_wavedata.dll+0x1e21df]
C  [librdi_wavedata.dll+0x2621ef]
C  [librdi_wavedata.dll+0x269f09]
C  [librdi_wavedata.dll+0x23a6cb]
C  [librdi_wavedata.dll+0x276e97]
C  0x000001830fc0493a

Java frames: (J=compiled Java code, j=interpreted, Vv=VM code)
J 22300  ui.views.waveform.waveformi.WVExecutive_getTooltipTextDelayed(J)Ljava/lang/String; (0 bytes) @ 0x000001830fc048a1 [0x000001830fc04860+0x0000000000000041]
J 22316 c1 ui.views.waveform.b.a.bJ(Ljava/awt/event/MouseEvent;)V (135 bytes) @ 0x0000018309d94e24 [0x0000018309d94780+0x00000000000006a4]
J 22310 c1 ui.views.waveform.b.a.mouseMoved(Ljava/awt/event/MouseEvent;)V (32 bytes) @ 0x0000018309d8fd4c [0x0000018309d8f820+0x000000000000052c]
J 17378 c2 java.awt.AWTEventMulticaster.mouseMoved(Ljava/awt/event/MouseEvent;)V java.desktop@9.0.4 (27 bytes) @ 0x000001830f58fff4 [0x000001830f58ff40+0x00000000000000b4]
J 25544 c2 javax.swing.JComponent.processMouseMotionEvent(Ljava/awt/event/MouseEvent;)V java.desktop@9.0.4 (46 bytes) @ 0x000001830f70e820 [0x000001830f70e740+0x00000000000000e0]
J 22307 c1 ui.frmwork.c.i.processMouseMotionEvent(Ljava/awt/event/MouseEvent;)V (131 bytes) @ 0x0000018309d91344 [0x0000018309d90480+0x0000000000000ec4]
J 13686 c2 java.awt.Container.processEvent(Ljava/awt/AWTEvent;)V java.desktop@9.0.4 (22 bytes) @ 0x000001830f2d5c98 [0x000001830f2d5b20+0x0000000000000178]
J 23675 c2 java.awt.Component.dispatchEventImpl(Ljava/awt/AWTEvent;)V java.desktop@9.0.4 (739 bytes) @ 0x000001830f8bcde8 [0x000001830f8bc560+0x0000000000000888]
J 23877 c2 java.awt.Container.dispatchEventImpl(Ljava/awt/AWTEvent;)V java.desktop@9.0.4 (129 bytes) @ 0x000001830f913364 [0x000001830f9131e0+0x0000000000000184]
J 21207 c2 java.awt.LightweightDispatcher.retargetMouseEvent(Ljava/awt/Component;ILjava/awt/event/MouseEvent;)V java.desktop@9.0.4 (350 bytes) @ 0x000001830fb165c0 [0x000001830fb15ce0+0x00000000000008e0]
J 16532 c2 java.awt.LightweightDispatcher.processMouseEvent(Ljava/awt/event/MouseEvent;)Z java.desktop@9.0.4 (265 bytes) @ 0x000001830ef669ec [0x000001830ef66240+0x00000000000007ac]
J 23877 c2 java.awt.Container.dispatchEventImpl(Ljava/awt/AWTEvent;)V java.desktop@9.0.4 (129 bytes) @ 0x000001830f91328c [0x000001830f9131e0+0x00000000000000ac]
J 18982 c2 java.awt.Window.dispatchEventImpl(Ljava/awt/AWTEvent;)V java.desktop@9.0.4 (23 bytes) @ 0x000001830f17c68c [0x000001830f17c640+0x000000000000004c]
J 14446 c2 java.awt.EventQueue$3.run()Ljava/lang/Object; java.desktop@9.0.4 (5 bytes) @ 0x000001830eb436bc [0x000001830eb43500+0x00000000000001bc]
v  ~StubRoutines::call_stub
J 4867  java.security.AccessController.doPrivileged(Ljava/security/PrivilegedAction;Ljava/security/AccessControlContext;)Ljava/lang/Object; java.base@9.0.4 (0 bytes) @ 0x000001830e742346 [0x000001830e7422e0+0x0000000000000066]
J 16103 c2 java.awt.EventQueue$4.run()Ljava/lang/Object; java.desktop@9.0.4 (5 bytes) @ 0x000001830ed92540 [0x000001830ed922e0+0x0000000000000260]
v  ~StubRoutines::call_stub
J 4867  java.security.AccessController.doPrivileged(Ljava/security/PrivilegedAction;Ljava/security/AccessControlContext;)Ljava/lang/Object; java.base@9.0.4 (0 bytes) @ 0x000001830e742346 [0x000001830e7422e0+0x0000000000000066]
J 14440 c2 ui.frmwork.b.d.dispatchEvent(Ljava/awt/AWTEvent;)V (34 bytes) @ 0x000001830eb727ac [0x000001830eb72380+0x000000000000042c]
J 23814 c2 java.awt.EventDispatchThread.pumpOneEventForFilters(I)V java.desktop@9.0.4 (218 bytes) @ 0x000001830f558110 [0x000001830f557e00+0x0000000000000310]
J 18122% c2 java.awt.EventDispatchThread.pumpEventsForFilter(ILjava/awt/Conditional;Ljava/awt/EventFilter;)V java.desktop@9.0.4 (47 bytes) @ 0x000001830f6fec40 [0x000001830f6feb40+0x0000000000000100]
j  java.awt.EventDispatchThread.pumpEventsForHierarchy(ILjava/awt/Conditional;Ljava/awt/Component;)V+11 java.desktop@9.0.4
j  java.awt.EventDispatchThread.pumpEvents(ILjava/awt/Conditional;)V+4 java.desktop@9.0.4
j  java.awt.EventDispatchThread.pumpEvents(Ljava/awt/Conditional;)V+3 java.desktop@9.0.4
j  java.awt.EventDispatchThread.run()V+9 java.desktop@9.0.4
v  ~StubRoutines::call_stub

siginfo: EXCEPTION_ACCESS_VIOLATION (0xc0000005), reading address 0xffffffffffffffff


Register to memory mapping:

RIP=0x00007ffd8dc8ed95 librdi_common.dll
RAX=0x000001836f52d301 is an unknown value
RBX=0x90062500ce635178 is an unknown value
RCX=0x000001836f52d380 is an unknown value
RDX=0x90062500ce635178 is an unknown value
RSP=0x000000139a9fb170 is pointing into the stack for thread: 0x000001831e4a5800
RBP=0x000000139a9fb2a0 is pointing into the stack for thread: 0x000001831e4a5800
RSI=0x000001837a9ba9a0 is an unknown value
RDI=0x000000139a9fb388 is pointing into the stack for thread: 0x000001831e4a5800
R8 =0x000000139a9fb388 is pointing into the stack for thread: 0x000001831e4a5800
R9 =0x0000000000000000 is an unknown value
R10=0x00007ffe549b0000 VCRUNTIME140.dll
R11=0x94d9bdfb6fe0deef is an unknown value
R12=0x000000139a9fb388 is pointing into the stack for thread: 0x000001831e4a5800
R13=0x0000000000000000 is an unknown value
R14=0x000001836ca0ce10 is an unknown value
R15=0x90062500ce635178 is an unknown value


Registers:
RAX=0x000001836f52d301, RBX=0x90062500ce635178, RCX=0x000001836f52d380, RDX=0x90062500ce635178
RSP=0x000000139a9fb170, RBP=0x000000139a9fb2a0, RSI=0x000001837a9ba9a0, RDI=0x000000139a9fb388
R8 =0x000000139a9fb388, R9 =0x0000000000000000, R10=0x00007ffe549b0000, R11=0x94d9bdfb6fe0deef
R12=0x000000139a9fb388, R13=0x0000000000000000, R14=0x000001836ca0ce10, R15=0x90062500ce635178
RIP=0x00007ffd8dc8ed95, EFLAGS=0x0000000000010202

Top of Stack: (sp=0x000000139a9fb170)
0x000000139a9fb170:   0000000000000018 0000018332b50da0
0x000000139a9fb180:   000000000000537c 90062500ce635178
0x000000139a9fb190:   90062500ce635178 00007ffd8dc83b75
0x000000139a9fb1a0:   00000000000369ad 00007ffe528f27a8
0x000000139a9fb1b0:   fffffffffffffffe 0000000000000000
0x000000139a9fb1c0:   000093a1d906bae8 0000018332b50d38
0x000000139a9fb1d0:   0000000000000002 00007ffd8dcec825
0x000000139a9fb1e0:   000001832175ff70 0000018332b50d58
0x000000139a9fb1f0:   000000139a9fb520 00007ffd8e99dbc0
0x000000139a9fb200:   fffffffffffffffe 00007ffd8e2a8aad
0x000000139a9fb210:   fffffffffffffffe 00007ffd8e99dbc0
0x000000139a9fb220:   0000018332b50d10 000001836c9c01a8
0x000000139a9fb230:   000000139a9fb388 00007ffd8dcebb16
0x000000139a9fb240:   0000018332b50d10 000000139a9fb388
0x000000139a9fb250:   0000018300000002 0000000000000000
0x000000139a9fb260:   fffffffffffffffe 000000000000000f 

Instructions: (pc=0x00007ffd8dc8ed95)
0x00007ffd8dc8ed75:   20 48 8b d9 e8 22 c4 04 00 48 8b c8 48 8b d3 e8
0x00007ffd8dc8ed85:   27 0d 05 00 84 c0 75 08 33 c0 48 83 c4 20 5b c3
0x00007ffd8dc8ed95:   48 8b 4b 50 48 85 c9 74 0a 48 83 c4 20 5b e9 68
0x00007ffd8dc8eda5:   e2 04 00 48 8b d3 48 8d 0d 66 ce 78 00 e8 59 b7 



---------------  P R O C E S S  ---------------

Java Threads: ( => current thread )
  0x000001831fba7000 JavaThread "Relaunch Simulation Thread" [_thread_blocked, id=26420, stack(0x000000139dd00000,0x000000139e200000)]
  0x000001831fb9d000 JavaThread "Monitor File Timestamp Swing Worker Thread" [_thread_blocked, id=25280, stack(0x000000139d800000,0x000000139dd00000)]
  0x000001831fba3800 JavaThread "Timer-3" [_thread_blocked, id=5952, stack(0x000000139d300000,0x000000139d800000)]
  0x000001831fba3000 JavaThread "Monitor File Timestamp Swing Worker Thread" [_thread_blocked, id=14148, stack(0x000000139fb00000,0x00000013a0000000)]
  0x000001831fba2000 JavaThread "Timer-1" [_thread_blocked, id=18580, stack(0x000000139f600000,0x000000139fb00000)]
  0x000001831fb9a800 JavaThread "Image Animator 0" daemon [_thread_blocked, id=11336, stack(0x000000139f100000,0x000000139f600000)]
  0x000001831fba0800 JavaThread "ForkJoinPool.commonPool-worker-25" daemon [_thread_blocked, id=18520, stack(0x000000139aa00000,0x000000139af00000)]
  0x000001831fb99000 JavaThread "SyntheticaAnimation 50" daemon [_thread_blocked, id=19200, stack(0x000000139e700000,0x000000139ec00000)]
  0x000001831fba0000 JavaThread "Update Runs Swing Worker Thread" [_thread_blocked, id=24396, stack(0x000000139e200000,0x000000139e700000)]
  0x000001831fb9f000 JavaThread "hw_ila_monitor" [_thread_blocked, id=24356, stack(0x000000139ce00000,0x000000139d300000)]
  0x000001831fb9e800 JavaThread "Refresh Filesets Swing Worker Thread" [_thread_blocked, id=24340, stack(0x0000001399600000,0x0000001399b00000)]
  0x000001831fb9b800 JavaThread "SyntheticaAnimation 70" daemon [_thread_blocked, id=24272, stack(0x000000139c900000,0x000000139ce00000)]
  0x000001831fb9d800 JavaThread "SyntheticaAnimation 25" daemon [_thread_blocked, id=18624, stack(0x000000139c400000,0x000000139c900000)]
  0x000001831eb84800 JavaThread "SyntheticaAnimation 50" daemon [_thread_blocked, id=18452, stack(0x000000139bf00000,0x000000139c400000)]
  0x000001831eb86000 JavaThread "Monitor HEventQueue Thread" [_thread_blocked, id=18448, stack(0x000000139ba00000,0x000000139bf00000)]
  0x000001831eb85000 JavaThread "SyntheticaCleanerThread" daemon [_thread_blocked, id=20876, stack(0x000000139af00000,0x000000139b400000)]
  0x000001831eb86800 JavaThread "Batik CleanerThread" daemon [_thread_blocked, id=21468, stack(0x0000001398700000,0x0000001398c00000)]
=>0x000001831e4a5800 JavaThread "AWT-EventQueue-1" [_thread_in_native, id=21372, stack(0x000000139a500000,0x000000139aa00000)]
  0x000001831e4a4800 JavaThread "AWT-Shutdown" [_thread_blocked, id=21368, stack(0x000000139a000000,0x000000139a500000)]
  0x000001831eb5b800 JavaThread "Process Messages Thread" [_thread_blocked, id=21360, stack(0x0000001399b00000,0x000000139a000000)]
  0x000001831e77d000 JavaThread "Thread-1" [_thread_in_native, id=20372, stack(0x0000001391a00000,0x0000001392e00000)]
  0x000001831c086000 JavaThread "TimerQueue" daemon [_thread_blocked, id=21340, stack(0x0000001399100000,0x0000001399600000)]
  0x000001831ba06800 JavaThread "AWT-Windows" daemon [_thread_in_native, id=21296, stack(0x0000001398c00000,0x0000001399100000)]
  0x000001831ba80800 JavaThread "Java2D Disposer" daemon [_thread_blocked, id=21288, stack(0x0000001398200000,0x0000001398700000)]
  0x000001837a787000 JavaThread "Service Thread" daemon [_thread_blocked, id=20692, stack(0x0000001397c00000,0x0000001398100000)]
  0x000001837b852000 JavaThread "Common-Cleaner" daemon [_thread_blocked, id=20688, stack(0x0000001397700000,0x0000001397c00000)]
  0x000001837a33c800 JavaThread "Sweeper thread" daemon [_thread_blocked, id=20684, stack(0x0000001397200000,0x0000001397700000)]
  0x0000018376d69800 JavaThread "C1 CompilerThread11" daemon [_thread_blocked, id=20680, stack(0x0000001397100000,0x0000001397200000)]
  0x0000018376d6e000 JavaThread "C1 CompilerThread10" daemon [_thread_blocked, id=20676, stack(0x0000001397000000,0x0000001397100000)]
  0x000001837ba90000 JavaThread "C1 CompilerThread9" daemon [_thread_blocked, id=20672, stack(0x0000001396f00000,0x0000001397000000)]
  0x000001837ba8e800 JavaThread "C1 CompilerThread8" daemon [_thread_blocked, id=20668, stack(0x0000001396e00000,0x0000001396f00000)]
  0x000001837ba95800 JavaThread "C2 CompilerThread7" daemon [_thread_blocked, id=20664, stack(0x0000001396d00000,0x0000001396e00000)]
  0x000001837ba94800 JavaThread "C2 CompilerThread6" daemon [_thread_blocked, id=20660, stack(0x0000001396c00000,0x0000001396d00000)]
  0x000001837ba92000 JavaThread "C2 CompilerThread5" daemon [_thread_blocked, id=20656, stack(0x0000001396b00000,0x0000001396c00000)]
  0x000001837ba8f000 JavaThread "C2 CompilerThread4" daemon [_thread_blocked, id=20652, stack(0x0000001396a00000,0x0000001396b00000)]
  0x000001837ba94000 JavaThread "C2 CompilerThread3" daemon [_thread_blocked, id=20648, stack(0x0000001396900000,0x0000001396a00000)]
  0x000001837c0cf000 JavaThread "C2 CompilerThread2" daemon [_thread_blocked, id=20644, stack(0x0000001396800000,0x0000001396900000)]
  0x000001837c0ce000 JavaThread "C2 CompilerThread1" daemon [_thread_blocked, id=20640, stack(0x0000001396700000,0x0000001396800000)]
  0x000001837c0cd800 JavaThread "C2 CompilerThread0" daemon [_thread_blocked, id=20636, stack(0x0000001396600000,0x0000001396700000)]
  0x00000183781ec800 JavaThread "Attach Listener" daemon [_thread_blocked, id=20632, stack(0x0000001396100000,0x0000001396600000)]
  0x0000018372cc2800 JavaThread "Signal Dispatcher" daemon [_thread_blocked, id=20628, stack(0x0000001395c00000,0x0000001396100000)]
  0x0000018377094800 JavaThread "Finalizer" daemon [_thread_blocked, id=20624, stack(0x0000001395700000,0x0000001395c00000)]
  0x000001837a665800 JavaThread "Reference Handler" daemon [_thread_blocked, id=20620, stack(0x0000001395200000,0x0000001395700000)]
  0x000001837a9c5800 JavaThread "main" [_thread_blocked, id=20488, stack(0x0000001393000000,0x0000001393100000)]

Other Threads:
  0x0000018374d2d000 VMThread "VM Thread" [stack: 0x0000001395100000,0x0000001395200000] [id=20616]
  0x00000183781e5800 WatcherThread [stack: 0x0000001398100000,0x0000001398200000] [id=20696]
  0x000001837b96f800 GCTaskThread "GC Thread#0" [stack: 0x0000001393200000,0x0000001393300000] [id=20492]
  0x000001837a78c800 GCTaskThread "GC Thread#1" [stack: 0x0000001393300000,0x0000001393400000] [id=20496]
  0x0000018374567000 GCTaskThread "GC Thread#2" [stack: 0x0000001393400000,0x0000001393500000] [id=20500]
  0x000001836f9b5000 GCTaskThread "GC Thread#3" [stack: 0x0000001393500000,0x0000001393600000] [id=20504]
  0x00000183728b5800 GCTaskThread "GC Thread#4" [stack: 0x0000001393600000,0x0000001393700000] [id=20508]
  0x0000018378432800 GCTaskThread "GC Thread#5" [stack: 0x0000001393700000,0x0000001393800000] [id=20512]
  0x0000018377d6f000 GCTaskThread "GC Thread#6" [stack: 0x0000001393800000,0x0000001393900000] [id=20516]
  0x0000018379d20000 GCTaskThread "GC Thread#7" [stack: 0x0000001393900000,0x0000001393a00000] [id=20520]
  0x0000018376883000 GCTaskThread "GC Thread#8" [stack: 0x0000001393a00000,0x0000001393b00000] [id=20524]
  0x000001837a41e000 GCTaskThread "GC Thread#9" [stack: 0x0000001393b00000,0x0000001393c00000] [id=20528]
  0x000001837a219800 GCTaskThread "GC Thread#10" [stack: 0x0000001393c00000,0x0000001393d00000] [id=20532]
  0x0000018379f1e800 GCTaskThread "GC Thread#11" [stack: 0x0000001393d00000,0x0000001393e00000] [id=20536]
  0x0000018379f1f000 GCTaskThread "GC Thread#12" [stack: 0x0000001393e00000,0x0000001393f00000] [id=20540]
  0x0000018379926000 ConcurrentGCThread "G1 Main Marker" [stack: 0x0000001394d00000,0x0000001394e00000] [id=20600]
  0x00000183730b1800 ConcurrentGCThread "G1 Marker#0" [stack: 0x0000001394e00000,0x0000001394f00000] [id=20604]
  0x00000183730b2000 ConcurrentGCThread "G1 Marker#1" [stack: 0x0000001394f00000,0x0000001395000000] [id=20608]
  0x00000183730b2800 ConcurrentGCThread "G1 Marker#2" [stack: 0x0000001395000000,0x0000001395100000] [id=20612]
  0x000001837a877000 ConcurrentGCThread "G1 Refine#0" [stack: 0x0000001394b00000,0x0000001394c00000] [id=20592]
  0x000001837a876800 ConcurrentGCThread "G1 Refine#1" [stack: 0x0000001394a00000,0x0000001394b00000] [id=20588]
  0x000001837ba57000 ConcurrentGCThread "G1 Refine#2" [stack: 0x0000001394900000,0x0000001394a00000] [id=20584]
  0x000001837ba56800 ConcurrentGCThread "G1 Refine#3" [stack: 0x0000001394800000,0x0000001394900000] [id=20580]
  0x000001837aaa7000 ConcurrentGCThread "G1 Refine#4" [stack: 0x0000001394700000,0x0000001394800000] [id=20576]
  0x000001837aaa6800 ConcurrentGCThread "G1 Refine#5" [stack: 0x0000001394600000,0x0000001394700000] [id=20572]
  0x000001837a907800 ConcurrentGCThread "G1 Refine#6" [stack: 0x0000001394500000,0x0000001394600000] [id=20568]
  0x000001837aa30000 ConcurrentGCThread "G1 Refine#7" [stack: 0x0000001394400000,0x0000001394500000] [id=20564]
  0x000001837aa2f800 ConcurrentGCThread "G1 Refine#8" [stack: 0x0000001394300000,0x0000001394400000] [id=20560]
  0x000001837bb68000 ConcurrentGCThread "G1 Refine#9" [stack: 0x0000001394200000,0x0000001394300000] [id=20556]
  0x000001837bb67800 ConcurrentGCThread "G1 Refine#10" [stack: 0x0000001394100000,0x0000001394200000] [id=20552]
  0x000001837a55f000 ConcurrentGCThread "G1 Refine#11" [stack: 0x0000001394000000,0x0000001394100000] [id=20548]
  0x000001837a55e800 ConcurrentGCThread "G1 Refine#12" [stack: 0x0000001393f00000,0x0000001394000000] [id=20544]
  0x000001837b3e8800 ConcurrentGCThread "G1 Young RemSet Sampling" [stack: 0x0000001394c00000,0x0000001394d00000] [id=20596]

Threads with active compile tasks:

VM state:not at safepoint (normal execution)

VM Mutex/Monitor currently owned by a thread: None

Heap address: 0x0000000700000000, size: 3072 MB, Compressed Oops mode: Zero based, Oop shift amount: 3
Narrow klass base: 0x0000000000000000, Narrow klass shift: 3
Compressed class space size: 1073741824 Address: 0x00000007c0000000

Heap:
 garbage-first heap   total 232448K, used 78734K [0x0000000700000000, 0x0000000700100718, 0x00000007c0000000)
  region size 1024K, 8 young (8192K), 2 survivors (2048K)
 Metaspace       used 86424K, capacity 90191K, committed 94720K, reserved 1130496K
  class space    used 11346K, capacity 12056K, committed 13056K, reserved 1048576K
Heap Regions: E=young(eden), S=young(survivor), O=old, HS=humongous(starts), HC=humongous(continues), CS=collection set, F=free, A=archive, TS=gc time stamp, AC=allocation context, TAMS=top-at-mark-start (previous, next)
|   0|0x0000000700000000, 0x00000007000ffae0, 0x0000000700100000| 99%| O|  |TS  0|AC  0|TAMS 0x0000000700000000, 0x0000000700000000|
|   1|0x0000000700100000, 0x00000007001ffff0, 0x0000000700200000| 99%| O|  |TS  0|AC  0|TAMS 0x0000000700100000, 0x0000000700100000|
|   2|0x0000000700200000, 0x00000007002ff2f0, 0x0000000700300000| 99%| O|  |TS  0|AC  0|TAMS 0x0000000700200000, 0x0000000700200000|
|   3|0x0000000700300000, 0x00000007003df2c0, 0x0000000700400000| 87%| O|  |TS  0|AC  0|TAMS 0x0000000700300000, 0x0000000700300000|
|   4|0x0000000700400000, 0x0000000700500000, 0x0000000700500000|100%|HS|  |TS  0|AC  0|TAMS 0x0000000700400000, 0x0000000700400000|
|   5|0x0000000700500000, 0x0000000700600000, 0x0000000700600000|100%|HC|  |TS  0|AC  0|TAMS 0x0000000700500000, 0x0000000700500000|
|   6|0x0000000700600000, 0x0000000700700000, 0x0000000700700000|100%|HS|  |TS  0|AC  0|TAMS 0x0000000700600000, 0x0000000700600000|
|   7|0x0000000700700000, 0x00000007007c9f20, 0x0000000700800000| 78%| O|  |TS  0|AC  0|TAMS 0x0000000700700000, 0x0000000700700000|
|   8|0x0000000700800000, 0x00000007008e9628, 0x0000000700900000| 91%| O|  |TS  0|AC  0|TAMS 0x0000000700800000, 0x0000000700800000|
|   9|0x0000000700900000, 0x00000007009fdeb0, 0x0000000700a00000| 99%| O|  |TS  0|AC  0|TAMS 0x0000000700900000, 0x0000000700900000|
|  10|0x0000000700a00000, 0x0000000700affff8, 0x0000000700b00000| 99%| O|  |TS  0|AC  0|TAMS 0x0000000700a00000, 0x0000000700a00000|
|  11|0x0000000700b00000, 0x0000000700bf7078, 0x0000000700c00000| 96%| O|  |TS  0|AC  0|TAMS 0x0000000700b00000, 0x0000000700b00000|
|  12|0x0000000700c00000, 0x0000000700cfffa0, 0x0000000700d00000| 99%| O|  |TS  0|AC  0|TAMS 0x0000000700c00000, 0x0000000700c00000|
|  13|0x0000000700d00000, 0x0000000700df68b8, 0x0000000700e00000| 96%| O|  |TS  0|AC  0|TAMS 0x0000000700d00000, 0x0000000700d00000|
|  14|0x0000000700e00000, 0x0000000700efffe8, 0x0000000700f00000| 99%| O|  |TS  0|AC  0|TAMS 0x0000000700e00000, 0x0000000700e00000|
|  15|0x0000000700f00000, 0x0000000701000000, 0x0000000701000000|100%| O|  |TS  0|AC  0|TAMS 0x0000000700f00000, 0x0000000700f00000|
|  16|0x0000000701000000, 0x00000007010fff80, 0x0000000701100000| 99%| O|  |TS  0|AC  0|TAMS 0x0000000701000000, 0x0000000701000000|
|  17|0x0000000701100000, 0x00000007011ffff8, 0x0000000701200000| 99%| O|  |TS  0|AC  0|TAMS 0x0000000701100000, 0x0000000701100000|
|  18|0x0000000701200000, 0x00000007012fff98, 0x0000000701300000| 99%| O|  |TS  0|AC  0|TAMS 0x0000000701200000, 0x0000000701200000|
|  19|0x0000000701300000, 0x00000007013d9ea0, 0x0000000701400000| 85%| O|  |TS  0|AC  0|TAMS 0x0000000701300000, 0x0000000701300000|
|  20|0x0000000701400000, 0x00000007014ffff0, 0x0000000701500000| 99%| O|  |TS  0|AC  0|TAMS 0x0000000701400000, 0x0000000701400000|
|  21|0x0000000701500000, 0x00000007015fffe0, 0x0000000701600000| 99%| O|  |TS  0|AC  0|TAMS 0x0000000701500000, 0x0000000701500000|
|  22|0x0000000701600000, 0x00000007016ffff0, 0x0000000701700000| 99%| O|  |TS  0|AC  0|TAMS 0x0000000701600000, 0x0000000701600000|
|  23|0x0000000701700000, 0x00000007017ffff0, 0x0000000701800000| 99%| O|  |TS  0|AC  0|TAMS 0x0000000701700000, 0x0000000701700000|
|  24|0x0000000701800000, 0x00000007018ffff0, 0x0000000701900000| 99%| O|  |TS  0|AC  0|TAMS 0x0000000701800000, 0x0000000701800000|
|  25|0x0000000701900000, 0x00000007019fffd0, 0x0000000701a00000| 99%| O|  |TS  0|AC  0|TAMS 0x0000000701900000, 0x0000000701900000|
|  26|0x0000000701a00000, 0x0000000701affff8, 0x0000000701b00000| 99%| O|  |TS  0|AC  0|TAMS 0x0000000701a00000, 0x0000000701a00000|
|  27|0x0000000701b00000, 0x0000000701bffd08, 0x0000000701c00000| 99%| O|  |TS  0|AC  0|TAMS 0x0000000701b00000, 0x0000000701b00000|
|  28|0x0000000701c00000, 0x0000000701cfe2b8, 0x0000000701d00000| 99%| O|  |TS  0|AC  0|TAMS 0x0000000701c00000, 0x0000000701c00000|
|  29|0x0000000701d00000, 0x0000000701e00000, 0x0000000701e00000|100%| O|  |TS  0|AC  0|TAMS 0x0000000701d00000, 0x0000000701d00000|
|  30|0x0000000701e00000, 0x0000000701effff8, 0x0000000701f00000| 99%| O|  |TS  0|AC  0|TAMS 0x0000000701e00000, 0x0000000701e00000|
|  31|0x0000000701f00000, 0x0000000701ffff30, 0x0000000702000000| 99%| O|  |TS  0|AC  0|TAMS 0x0000000701f00000, 0x0000000701f00000|
|  32|0x0000000702000000, 0x0000000702100000, 0x0000000702100000|100%| O|  |TS  0|AC  0|TAMS 0x0000000702000000, 0x0000000702000000|
|  33|0x0000000702100000, 0x00000007021fffc8, 0x0000000702200000| 99%| O|  |TS  0|AC  0|TAMS 0x0000000702100000, 0x0000000702100000|
|  34|0x0000000702200000, 0x00000007022ff498, 0x0000000702300000| 99%| O|  |TS  0|AC  0|TAMS 0x0000000702200000, 0x0000000702200000|
|  35|0x0000000702300000, 0x00000007023e8358, 0x0000000702400000| 90%| O|  |TS  0|AC  0|TAMS 0x0000000702300000, 0x0000000702300000|
|  36|0x0000000702400000, 0x00000007024fffe8, 0x0000000702500000| 99%| O|  |TS  0|AC  0|TAMS 0x0000000702400000, 0x0000000702400000|
|  37|0x0000000702500000, 0x00000007025ffff0, 0x0000000702600000| 99%| O|  |TS  0|AC  0|TAMS 0x0000000702500000, 0x0000000702500000|
|  38|0x0000000702600000, 0x00000007026fff58, 0x0000000702700000| 99%| O|  |TS  0|AC  0|TAMS 0x0000000702600000, 0x0000000702600000|
|  39|0x0000000702700000, 0x00000007027fead0, 0x0000000702800000| 99%| O|  |TS  0|AC  0|TAMS 0x0000000702700000, 0x0000000702700000|
|  40|0x0000000702800000, 0x00000007028ffff8, 0x0000000702900000| 99%| O|  |TS  0|AC  0|TAMS 0x0000000702800000, 0x0000000702800000|
|  41|0x0000000702900000, 0x00000007029fffe0, 0x0000000702a00000| 99%| O|  |TS  0|AC  0|TAMS 0x0000000702900000, 0x0000000702900000|
|  42|0x0000000702a00000, 0x0000000702b00000, 0x0000000702b00000|100%|HS|  |TS  0|AC  0|TAMS 0x0000000702a00000, 0x0000000702a00000|
|  43|0x0000000702b00000, 0x0000000702c00000, 0x0000000702c00000|100%| O|  |TS  0|AC  0|TAMS 0x0000000702b00000, 0x0000000702b00000|
|  44|0x0000000702c00000, 0x0000000702cffe68, 0x0000000702d00000| 99%| O|  |TS  0|AC  0|TAMS 0x0000000702c00000, 0x0000000702c00000|
|  45|0x0000000702d00000, 0x0000000702e00000, 0x0000000702e00000|100%|HS|  |TS  0|AC  0|TAMS 0x0000000702d00000, 0x0000000702d00000|
|  46|0x0000000702e00000, 0x0000000702f00000, 0x0000000702f00000|100%|HC|  |TS  0|AC  0|TAMS 0x0000000702e00000, 0x0000000702e00000|
|  47|0x0000000702f00000, 0x0000000703000000, 0x0000000703000000|100%|HC|  |TS  0|AC  0|TAMS 0x0000000702f00000, 0x0000000702f00000|
|  48|0x0000000703000000, 0x0000000703100000, 0x0000000703100000|100%|HC|  |TS  0|AC  0|TAMS 0x0000000703000000, 0x0000000703000000|
|  49|0x0000000703100000, 0x0000000703200000, 0x0000000703200000|100%|HC|  |TS  0|AC  0|TAMS 0x0000000703100000, 0x0000000703100000|
|  50|0x0000000703200000, 0x0000000703300000, 0x0000000703300000|100%|HC|  |TS  0|AC  0|TAMS 0x0000000703200000, 0x0000000703200000|
|  51|0x0000000703300000, 0x0000000703400000, 0x0000000703400000|100%|HC|  |TS  0|AC  0|TAMS 0x0000000703300000, 0x0000000703300000|
|  52|0x0000000703400000, 0x0000000703500000, 0x0000000703500000|100%|HC|  |TS  0|AC  0|TAMS 0x0000000703400000, 0x0000000703400000|
|  53|0x0000000703500000, 0x00000007035ffff8, 0x0000000703600000| 99%| O|  |TS  0|AC  0|TAMS 0x0000000703500000, 0x0000000703500000|
|  54|0x0000000703600000, 0x00000007036ffff8, 0x0000000703700000| 99%| O|  |TS  0|AC  0|TAMS 0x0000000703600000, 0x0000000703600000|
|  55|0x0000000703700000, 0x00000007037ffff8, 0x0000000703800000| 99%| O|  |TS  0|AC  0|TAMS 0x0000000703700000, 0x0000000703700000|
|  56|0x0000000703800000, 0x00000007038fffd0, 0x0000000703900000| 99%| O|  |TS  0|AC  0|TAMS 0x0000000703800000, 0x0000000703800000|
|  57|0x0000000703900000, 0x00000007039ffe88, 0x0000000703a00000| 99%| O|  |TS  0|AC  0|TAMS 0x0000000703900000, 0x0000000703900000|
|  58|0x0000000703a00000, 0x0000000703afffe8, 0x0000000703b00000| 99%| O|  |TS  0|AC  0|TAMS 0x0000000703a00000, 0x0000000703a00000|
|  59|0x0000000703b00000, 0x0000000703bfffb8, 0x0000000703c00000| 99%| O|  |TS  0|AC  0|TAMS 0x0000000703b00000, 0x0000000703b00000|
|  60|0x0000000703c00000, 0x0000000703cfffc8, 0x0000000703d00000| 99%| O|  |TS  0|AC  0|TAMS 0x0000000703c00000, 0x0000000703c00000|
|  61|0x0000000703d00000, 0x0000000703dffff0, 0x0000000703e00000| 99%| O|  |TS  0|AC  0|TAMS 0x0000000703d00000, 0x0000000703d00000|
|  62|0x0000000703e00000, 0x0000000703efff38, 0x0000000703f00000| 99%| O|  |TS  0|AC  0|TAMS 0x0000000703e00000, 0x0000000703e00000|
|  63|0x0000000703f00000, 0x0000000703ffffd0, 0x0000000704000000| 99%| O|  |TS  0|AC  0|TAMS 0x0000000703f00000, 0x0000000703f00000|
|  64|0x0000000704000000, 0x00000007040fff40, 0x0000000704100000| 99%| O|  |TS  0|AC  0|TAMS 0x0000000704000000, 0x0000000704000000|
|  65|0x0000000704100000, 0x0000000704200000, 0x0000000704200000|100%| O|  |TS  0|AC  0|TAMS 0x0000000704100000, 0x0000000704100000|
|  66|0x0000000704200000, 0x00000007042ffff8, 0x0000000704300000| 99%| O|  |TS  0|AC  0|TAMS 0x0000000704200000, 0x0000000704200000|
|  67|0x0000000704300000, 0x0000000704400000, 0x0000000704400000|100%| O|  |TS  0|AC  0|TAMS 0x0000000704300000, 0x0000000704300000|
|  68|0x0000000704400000, 0x0000000704500000, 0x0000000704500000|100%| O|  |TS  0|AC  0|TAMS 0x0000000704400000, 0x0000000704400000|
|  69|0x0000000704500000, 0x0000000704600000, 0x0000000704600000|100%|HS|  |TS  0|AC  0|TAMS 0x0000000704500000, 0x0000000704500000|
|  70|0x0000000704600000, 0x0000000704700000, 0x0000000704700000|100%|HC|  |TS  0|AC  0|TAMS 0x0000000704600000, 0x0000000704600000|
|  71|0x0000000704700000, 0x0000000704744a28, 0x0000000704800000| 26%| O|  |TS  0|AC  0|TAMS 0x0000000704700000, 0x0000000704700000|
|  72|0x0000000704800000, 0x0000000704800000, 0x0000000704900000|  0%| F|  |TS  0|AC  0|TAMS 0x0000000704800000, 0x0000000704800000|
|  73|0x0000000704900000, 0x0000000704900000, 0x0000000704a00000|  0%| F|  |TS  0|AC  0|TAMS 0x0000000704900000, 0x0000000704900000|
|  74|0x0000000704a00000, 0x0000000704a00000, 0x0000000704b00000|  0%| F|  |TS  0|AC  0|TAMS 0x0000000704a00000, 0x0000000704a00000|
|  75|0x0000000704b00000, 0x0000000704b00000, 0x0000000704c00000|  0%| F|  |TS  0|AC  0|TAMS 0x0000000704b00000, 0x0000000704b00000|
|  76|0x0000000704c00000, 0x0000000704c00000, 0x0000000704d00000|  0%| F|  |TS  0|AC  0|TAMS 0x0000000704c00000, 0x0000000704c00000|
|  77|0x0000000704d00000, 0x0000000704d00000, 0x0000000704e00000|  0%| F|  |TS  0|AC  0|TAMS 0x0000000704d00000, 0x0000000704d00000|
|  78|0x0000000704e00000, 0x0000000704e00000, 0x0000000704f00000|  0%| F|  |TS  0|AC  0|TAMS 0x0000000704e00000, 0x0000000704e00000|
|  79|0x0000000704f00000, 0x0000000704f00000, 0x0000000705000000|  0%| F|  |TS  0|AC  0|TAMS 0x0000000704f00000, 0x0000000704f00000|
|  80|0x0000000705000000, 0x0000000705000000, 0x0000000705100000|  0%| F|  |TS  0|AC  0|TAMS 0x0000000705000000, 0x0000000705000000|
|  81|0x0000000705100000, 0x0000000705100000, 0x0000000705200000|  0%| F|  |TS  0|AC  0|TAMS 0x0000000705100000, 0x0000000705100000|
|  82|0x0000000705200000, 0x0000000705200000, 0x0000000705300000|  0%| F|  |TS  0|AC  0|TAMS 0x0000000705200000, 0x0000000705200000|
|  83|0x0000000705300000, 0x0000000705300000, 0x0000000705400000|  0%| F|  |TS  0|AC  0|TAMS 0x0000000705300000, 0x0000000705300000|
|  84|0x0000000705400000, 0x0000000705400000, 0x0000000705500000|  0%| F|  |TS  0|AC  0|TAMS 0x0000000705400000, 0x0000000705400000|
|  85|0x0000000705500000, 0x0000000705500000, 0x0000000705600000|  0%| F|  |TS  0|AC  0|TAMS 0x0000000705500000, 0x0000000705500000|
|  86|0x0000000705600000, 0x0000000705600000, 0x0000000705700000|  0%| F|  |TS  0|AC  0|TAMS 0x0000000705600000, 0x0000000705600000|
|  87|0x0000000705700000, 0x0000000705700000, 0x0000000705800000|  0%| F|  |TS  0|AC  0|TAMS 0x0000000705700000, 0x0000000705700000|
|  88|0x0000000705800000, 0x0000000705800000, 0x0000000705900000|  0%| F|  |TS  0|AC  0|TAMS 0x0000000705800000, 0x0000000705800000|
|  89|0x0000000705900000, 0x0000000705900000, 0x0000000705a00000|  0%| F|  |TS  0|AC  0|TAMS 0x0000000705900000, 0x0000000705900000|
|  90|0x0000000705a00000, 0x0000000705a00000, 0x0000000705b00000|  0%| F|  |TS  0|AC  0|TAMS 0x0000000705a00000, 0x0000000705a00000|
|  91|0x0000000705b00000, 0x0000000705b00000, 0x0000000705c00000|  0%| F|  |TS  0|AC  0|TAMS 0x0000000705b00000, 0x0000000705b00000|
|  92|0x0000000705c00000, 0x0000000705c00000, 0x0000000705d00000|  0%| F|  |TS  0|AC  0|TAMS 0x0000000705c00000, 0x0000000705c00000|
|  93|0x0000000705d00000, 0x0000000705d00000, 0x0000000705e00000|  0%| F|  |TS  0|AC  0|TAMS 0x0000000705d00000, 0x0000000705d00000|
|  94|0x0000000705e00000, 0x0000000705e00000, 0x0000000705f00000|  0%| F|  |TS  0|AC  0|TAMS 0x0000000705e00000, 0x0000000705e00000|
|  95|0x0000000705f00000, 0x0000000705f00000, 0x0000000706000000|  0%| F|  |TS  0|AC  0|TAMS 0x0000000705f00000, 0x0000000705f00000|
|  96|0x0000000706000000, 0x0000000706000000, 0x0000000706100000|  0%| F|  |TS  0|AC  0|TAMS 0x0000000706000000, 0x0000000706000000|
|  97|0x0000000706100000, 0x0000000706100000, 0x0000000706200000|  0%| F|  |TS  0|AC  0|TAMS 0x0000000706100000, 0x0000000706100000|
|  98|0x0000000706200000, 0x0000000706200000, 0x0000000706300000|  0%| F|  |TS  0|AC  0|TAMS 0x0000000706200000, 0x0000000706200000|
|  99|0x0000000706300000, 0x0000000706300000, 0x0000000706400000|  0%| F|  |TS  0|AC  0|TAMS 0x0000000706300000, 0x0000000706300000|
| 100|0x0000000706400000, 0x0000000706400000, 0x0000000706500000|  0%| F|  |TS  0|AC  0|TAMS 0x0000000706400000, 0x0000000706400000|
| 101|0x0000000706500000, 0x0000000706500000, 0x0000000706600000|  0%| F|  |TS  0|AC  0|TAMS 0x0000000706500000, 0x0000000706500000|
| 102|0x0000000706600000, 0x0000000706600000, 0x0000000706700000|  0%| F|  |TS  0|AC  0|TAMS 0x0000000706600000, 0x0000000706600000|
| 103|0x0000000706700000, 0x0000000706700000, 0x0000000706800000|  0%| F|  |TS  0|AC  0|TAMS 0x0000000706700000, 0x0000000706700000|
| 104|0x0000000706800000, 0x0000000706800000, 0x0000000706900000|  0%| F|  |TS  0|AC  0|TAMS 0x0000000706800000, 0x0000000706800000|
| 105|0x0000000706900000, 0x0000000706900000, 0x0000000706a00000|  0%| F|  |TS  0|AC  0|TAMS 0x0000000706900000, 0x0000000706900000|
| 106|0x0000000706a00000, 0x0000000706a00000, 0x0000000706b00000|  0%| F|  |TS  0|AC  0|TAMS 0x0000000706a00000, 0x0000000706a00000|
| 107|0x0000000706b00000, 0x0000000706b00000, 0x0000000706c00000|  0%| F|  |TS  0|AC  0|TAMS 0x0000000706b00000, 0x0000000706b00000|
| 108|0x0000000706c00000, 0x0000000706c00000, 0x0000000706d00000|  0%| F|  |TS  0|AC  0|TAMS 0x0000000706c00000, 0x0000000706c00000|
| 109|0x0000000706d00000, 0x0000000706d00000, 0x0000000706e00000|  0%| F|  |TS  0|AC  0|TAMS 0x0000000706d00000, 0x0000000706d00000|
| 110|0x0000000706e00000, 0x0000000706e00000, 0x0000000706f00000|  0%| F|  |TS  0|AC  0|TAMS 0x0000000706e00000, 0x0000000706e00000|
| 111|0x0000000706f00000, 0x0000000706f00000, 0x0000000707000000|  0%| F|  |TS  0|AC  0|TAMS 0x0000000706f00000, 0x0000000706f00000|
| 112|0x0000000707000000, 0x0000000707000000, 0x0000000707100000|  0%| F|  |TS  0|AC  0|TAMS 0x0000000707000000, 0x0000000707000000|
| 113|0x0000000707100000, 0x0000000707100000, 0x0000000707200000|  0%| F|  |TS  0|AC  0|TAMS 0x0000000707100000, 0x0000000707100000|
| 114|0x0000000707200000, 0x0000000707200000, 0x0000000707300000|  0%| F|  |TS  0|AC  0|TAMS 0x0000000707200000, 0x0000000707200000|
| 115|0x0000000707300000, 0x0000000707300000, 0x0000000707400000|  0%| F|  |TS  0|AC  0|TAMS 0x0000000707300000, 0x0000000707300000|
| 116|0x0000000707400000, 0x0000000707400000, 0x0000000707500000|  0%| F|  |TS  0|AC  0|TAMS 0x0000000707400000, 0x0000000707400000|
| 117|0x0000000707500000, 0x0000000707500000, 0x0000000707600000|  0%| F|  |TS  0|AC  0|TAMS 0x0000000707500000, 0x0000000707500000|
| 118|0x0000000707600000, 0x0000000707600000, 0x0000000707700000|  0%| F|  |TS  0|AC  0|TAMS 0x0000000707600000, 0x0000000707600000|
| 119|0x0000000707700000, 0x0000000707700000, 0x0000000707800000|  0%| F|  |TS  0|AC  0|TAMS 0x0000000707700000, 0x0000000707700000|
| 120|0x0000000707800000, 0x0000000707800000, 0x0000000707900000|  0%| F|  |TS  0|AC  0|TAMS 0x0000000707800000, 0x0000000707800000|
| 121|0x0000000707900000, 0x0000000707900000, 0x0000000707a00000|  0%| F|  |TS  0|AC  0|TAMS 0x0000000707900000, 0x0000000707900000|
| 122|0x0000000707a00000, 0x0000000707a00000, 0x0000000707b00000|  0%| F|  |TS  0|AC  0|TAMS 0x0000000707a00000, 0x0000000707a00000|
| 123|0x0000000707b00000, 0x0000000707b00000, 0x0000000707c00000|  0%| F|  |TS  0|AC  0|TAMS 0x0000000707b00000, 0x0000000707b00000|
| 124|0x0000000707c00000, 0x0000000707c00000, 0x0000000707d00000|  0%| F|  |TS  0|AC  0|TAMS 0x0000000707c00000, 0x0000000707c00000|
| 125|0x0000000707d00000, 0x0000000707d00000, 0x0000000707e00000|  0%| F|  |TS  0|AC  0|TAMS 0x0000000707d00000, 0x0000000707d00000|
| 126|0x0000000707e00000, 0x0000000707e00000, 0x0000000707f00000|  0%| F|  |TS  0|AC  0|TAMS 0x0000000707e00000, 0x0000000707e00000|
| 127|0x0000000707f00000, 0x0000000707f00000, 0x0000000708000000|  0%| F|  |TS  0|AC  0|TAMS 0x0000000707f00000, 0x0000000707f00000|
| 128|0x0000000708000000, 0x0000000708000000, 0x0000000708100000|  0%| F|  |TS  0|AC  0|TAMS 0x0000000708000000, 0x0000000708000000|
| 129|0x0000000708100000, 0x0000000708100000, 0x0000000708200000|  0%| F|  |TS  0|AC  0|TAMS 0x0000000708100000, 0x0000000708100000|
| 130|0x0000000708200000, 0x0000000708200000, 0x0000000708300000|  0%| F|  |TS  0|AC  0|TAMS 0x0000000708200000, 0x0000000708200000|
| 131|0x0000000708300000, 0x0000000708300000, 0x0000000708400000|  0%| F|  |TS  0|AC  0|TAMS 0x0000000708300000, 0x0000000708300000|
| 132|0x0000000708400000, 0x0000000708400000, 0x0000000708500000|  0%| F|  |TS  0|AC  0|TAMS 0x0000000708400000, 0x0000000708400000|
| 133|0x0000000708500000, 0x0000000708500000, 0x0000000708600000|  0%| F|  |TS  0|AC  0|TAMS 0x0000000708500000, 0x0000000708500000|
| 134|0x0000000708600000, 0x0000000708600000, 0x0000000708700000|  0%| F|  |TS  0|AC  0|TAMS 0x0000000708600000, 0x0000000708600000|
| 135|0x0000000708700000, 0x0000000708700000, 0x0000000708800000|  0%| F|  |TS  0|AC  0|TAMS 0x0000000708700000, 0x0000000708700000|
| 136|0x0000000708800000, 0x0000000708800000, 0x0000000708900000|  0%| F|  |TS  0|AC  0|TAMS 0x0000000708800000, 0x0000000708800000|
| 137|0x0000000708900000, 0x0000000708900000, 0x0000000708a00000|  0%| F|  |TS  0|AC  0|TAMS 0x0000000708900000, 0x0000000708900000|
| 138|0x0000000708a00000, 0x0000000708a00000, 0x0000000708b00000|  0%| F|  |TS  0|AC  0|TAMS 0x0000000708a00000, 0x0000000708a00000|
| 139|0x0000000708b00000, 0x0000000708b00000, 0x0000000708c00000|  0%| F|  |TS  0|AC  0|TAMS 0x0000000708b00000, 0x0000000708b00000|
| 140|0x0000000708c00000, 0x0000000708c00000, 0x0000000708d00000|  0%| F|  |TS  0|AC  0|TAMS 0x0000000708c00000, 0x0000000708c00000|
| 141|0x0000000708d00000, 0x0000000708d00000, 0x0000000708e00000|  0%| F|  |TS  0|AC  0|TAMS 0x0000000708d00000, 0x0000000708d00000|
| 142|0x0000000708e00000, 0x0000000708e00000, 0x0000000708f00000|  0%| F|  |TS  0|AC  0|TAMS 0x0000000708e00000, 0x0000000708e00000|
| 143|0x0000000708f00000, 0x0000000708f00000, 0x0000000709000000|  0%| F|  |TS  0|AC  0|TAMS 0x0000000708f00000, 0x0000000708f00000|
| 144|0x0000000709000000, 0x0000000709000000, 0x0000000709100000|  0%| F|  |TS  0|AC  0|TAMS 0x0000000709000000, 0x0000000709000000|
| 145|0x0000000709100000, 0x0000000709100000, 0x0000000709200000|  0%| F|  |TS  0|AC  0|TAMS 0x0000000709100000, 0x0000000709100000|
| 146|0x0000000709200000, 0x0000000709200000, 0x0000000709300000|  0%| F|  |TS  0|AC  0|TAMS 0x0000000709200000, 0x0000000709200000|
| 147|0x0000000709300000, 0x0000000709300000, 0x0000000709400000|  0%| F|  |TS  0|AC  0|TAMS 0x0000000709300000, 0x0000000709300000|
| 148|0x0000000709400000, 0x0000000709400000, 0x0000000709500000|  0%| F|  |TS  0|AC  0|TAMS 0x0000000709400000, 0x0000000709400000|
| 149|0x0000000709500000, 0x0000000709500000, 0x0000000709600000|  0%| F|  |TS  0|AC  0|TAMS 0x0000000709500000, 0x0000000709500000|
| 150|0x0000000709600000, 0x0000000709600000, 0x0000000709700000|  0%| F|  |TS  0|AC  0|TAMS 0x0000000709600000, 0x0000000709600000|
| 151|0x0000000709700000, 0x0000000709700000, 0x0000000709800000|  0%| F|  |TS  0|AC  0|TAMS 0x0000000709700000, 0x0000000709700000|
| 152|0x0000000709800000, 0x0000000709800000, 0x0000000709900000|  0%| F|  |TS  0|AC  0|TAMS 0x0000000709800000, 0x0000000709800000|
| 153|0x0000000709900000, 0x0000000709900000, 0x0000000709a00000|  0%| F|  |TS  0|AC  0|TAMS 0x0000000709900000, 0x0000000709900000|
| 154|0x0000000709a00000, 0x0000000709a00000, 0x0000000709b00000|  0%| F|  |TS  0|AC  0|TAMS 0x0000000709a00000, 0x0000000709a00000|
| 155|0x0000000709b00000, 0x0000000709b00000, 0x0000000709c00000|  0%| F|  |TS  0|AC  0|TAMS 0x0000000709b00000, 0x0000000709b00000|
| 156|0x0000000709c00000, 0x0000000709c00000, 0x0000000709d00000|  0%| F|  |TS  0|AC  0|TAMS 0x0000000709c00000, 0x0000000709c00000|
| 157|0x0000000709d00000, 0x0000000709d00000, 0x0000000709e00000|  0%| F|  |TS  0|AC  0|TAMS 0x0000000709d00000, 0x0000000709d00000|
| 158|0x0000000709e00000, 0x0000000709e00000, 0x0000000709f00000|  0%| F|  |TS  0|AC  0|TAMS 0x0000000709e00000, 0x0000000709e00000|
| 159|0x0000000709f00000, 0x0000000709f00000, 0x000000070a000000|  0%| F|  |TS  0|AC  0|TAMS 0x0000000709f00000, 0x0000000709f00000|
| 160|0x000000070a000000, 0x000000070a000000, 0x000000070a100000|  0%| F|  |TS  0|AC  0|TAMS 0x000000070a000000, 0x000000070a000000|
| 161|0x000000070a100000, 0x000000070a100000, 0x000000070a200000|  0%| F|  |TS  0|AC  0|TAMS 0x000000070a100000, 0x000000070a100000|
| 162|0x000000070a200000, 0x000000070a200000, 0x000000070a300000|  0%| F|  |TS  0|AC  0|TAMS 0x000000070a200000, 0x000000070a200000|
| 163|0x000000070a300000, 0x000000070a300000, 0x000000070a400000|  0%| F|  |TS  0|AC  0|TAMS 0x000000070a300000, 0x000000070a300000|
| 164|0x000000070a400000, 0x000000070a400000, 0x000000070a500000|  0%| F|  |TS 21|AC  0|TAMS 0x000000070a400000, 0x000000070a400000|
| 165|0x000000070a500000, 0x000000070a500000, 0x000000070a600000|  0%| F|  |TS 25|AC  0|TAMS 0x000000070a500000, 0x000000070a500000|
| 166|0x000000070a600000, 0x000000070a664960, 0x000000070a700000| 39%| S|CS|TS 25|AC  0|TAMS 0x000000070a600000, 0x000000070a600000|
| 167|0x000000070a700000, 0x000000070a700000, 0x000000070a800000|  0%| F|  |TS 25|AC  0|TAMS 0x000000070a700000, 0x000000070a700000|
| 168|0x000000070a800000, 0x000000070a900000, 0x000000070a900000|100%| S|CS|TS 25|AC  0|TAMS 0x000000070a800000, 0x000000070a800000|
| 169|0x000000070a900000, 0x000000070a900000, 0x000000070aa00000|  0%| F|  |TS 25|AC  0|TAMS 0x000000070a900000, 0x000000070a900000|
| 170|0x000000070aa00000, 0x000000070aa00000, 0x000000070ab00000|  0%| F|  |TS 25|AC  0|TAMS 0x000000070aa00000, 0x000000070aa00000|
| 171|0x000000070ab00000, 0x000000070ab00000, 0x000000070ac00000|  0%| F|  |TS 25|AC  0|TAMS 0x000000070ab00000, 0x000000070ab00000|
| 172|0x000000070ac00000, 0x000000070ac00000, 0x000000070ad00000|  0%| F|  |TS 25|AC  0|TAMS 0x000000070ac00000, 0x000000070ac00000|
| 173|0x000000070ad00000, 0x000000070ad00000, 0x000000070ae00000|  0%| F|  |TS 25|AC  0|TAMS 0x000000070ad00000, 0x000000070ad00000|
| 174|0x000000070ae00000, 0x000000070ae00000, 0x000000070af00000|  0%| F|  |TS 25|AC  0|TAMS 0x000000070ae00000, 0x000000070ae00000|
| 175|0x000000070af00000, 0x000000070af00000, 0x000000070b000000|  0%| F|  |TS 25|AC  0|TAMS 0x000000070af00000, 0x000000070af00000|
| 176|0x000000070b000000, 0x000000070b000000, 0x000000070b100000|  0%| F|  |TS 25|AC  0|TAMS 0x000000070b000000, 0x000000070b000000|
| 177|0x000000070b100000, 0x000000070b100000, 0x000000070b200000|  0%| F|  |TS 25|AC  0|TAMS 0x000000070b100000, 0x000000070b100000|
| 178|0x000000070b200000, 0x000000070b200000, 0x000000070b300000|  0%| F|  |TS 25|AC  0|TAMS 0x000000070b200000, 0x000000070b200000|
| 179|0x000000070b300000, 0x000000070b300000, 0x000000070b400000|  0%| F|  |TS 25|AC  0|TAMS 0x000000070b300000, 0x000000070b300000|
| 180|0x000000070b400000, 0x000000070b400000, 0x000000070b500000|  0%| F|  |TS 25|AC  0|TAMS 0x000000070b400000, 0x000000070b400000|
| 181|0x000000070b500000, 0x000000070b500000, 0x000000070b600000|  0%| F|  |TS 25|AC  0|TAMS 0x000000070b500000, 0x000000070b500000|
| 182|0x000000070b600000, 0x000000070b600000, 0x000000070b700000|  0%| F|  |TS 25|AC  0|TAMS 0x000000070b600000, 0x000000070b600000|
| 183|0x000000070b700000, 0x000000070b700000, 0x000000070b800000|  0%| F|  |TS 25|AC  0|TAMS 0x000000070b700000, 0x000000070b700000|
| 184|0x000000070b800000, 0x000000070b800000, 0x000000070b900000|  0%| F|  |TS 25|AC  0|TAMS 0x000000070b800000, 0x000000070b800000|
| 185|0x000000070b900000, 0x000000070b900000, 0x000000070ba00000|  0%| F|  |TS 25|AC  0|TAMS 0x000000070b900000, 0x000000070b900000|
| 186|0x000000070ba00000, 0x000000070ba00000, 0x000000070bb00000|  0%| F|  |TS 25|AC  0|TAMS 0x000000070ba00000, 0x000000070ba00000|
| 187|0x000000070bb00000, 0x000000070bb00000, 0x000000070bc00000|  0%| F|  |TS 25|AC  0|TAMS 0x000000070bb00000, 0x000000070bb00000|
| 188|0x000000070bc00000, 0x000000070bc00000, 0x000000070bd00000|  0%| F|  |TS 25|AC  0|TAMS 0x000000070bc00000, 0x000000070bc00000|
| 189|0x000000070bd00000, 0x000000070bd00000, 0x000000070be00000|  0%| F|  |TS 25|AC  0|TAMS 0x000000070bd00000, 0x000000070bd00000|
| 190|0x000000070be00000, 0x000000070be00000, 0x000000070bf00000|  0%| F|  |TS 25|AC  0|TAMS 0x000000070be00000, 0x000000070be00000|
| 191|0x000000070bf00000, 0x000000070bf00000, 0x000000070c000000|  0%| F|  |TS 25|AC  0|TAMS 0x000000070bf00000, 0x000000070bf00000|
| 192|0x000000070c000000, 0x000000070c000000, 0x000000070c100000|  0%| F|  |TS 25|AC  0|TAMS 0x000000070c000000, 0x000000070c000000|
| 193|0x000000070c100000, 0x000000070c100000, 0x000000070c200000|  0%| F|  |TS 25|AC  0|TAMS 0x000000070c100000, 0x000000070c100000|
| 194|0x000000070c200000, 0x000000070c200000, 0x000000070c300000|  0%| F|  |TS 25|AC  0|TAMS 0x000000070c200000, 0x000000070c200000|
| 195|0x000000070c300000, 0x000000070c300000, 0x000000070c400000|  0%| F|  |TS 25|AC  0|TAMS 0x000000070c300000, 0x000000070c300000|
| 196|0x000000070c400000, 0x000000070c400000, 0x000000070c500000|  0%| F|  |TS 25|AC  0|TAMS 0x000000070c400000, 0x000000070c400000|
| 197|0x000000070c500000, 0x000000070c500000, 0x000000070c600000|  0%| F|  |TS 25|AC  0|TAMS 0x000000070c500000, 0x000000070c500000|
| 198|0x000000070c600000, 0x000000070c600000, 0x000000070c700000|  0%| F|  |TS 25|AC  0|TAMS 0x000000070c600000, 0x000000070c600000|
| 199|0x000000070c700000, 0x000000070c700000, 0x000000070c800000|  0%| F|  |TS 25|AC  0|TAMS 0x000000070c700000, 0x000000070c700000|
| 200|0x000000070c800000, 0x000000070c800000, 0x000000070c900000|  0%| F|  |TS 25|AC  0|TAMS 0x000000070c800000, 0x000000070c800000|
| 201|0x000000070c900000, 0x000000070c900000, 0x000000070ca00000|  0%| F|  |TS 25|AC  0|TAMS 0x000000070c900000, 0x000000070c900000|
| 202|0x000000070ca00000, 0x000000070ca00000, 0x000000070cb00000|  0%| F|  |TS 25|AC  0|TAMS 0x000000070ca00000, 0x000000070ca00000|
| 203|0x000000070cb00000, 0x000000070cb00000, 0x000000070cc00000|  0%| F|  |TS 25|AC  0|TAMS 0x000000070cb00000, 0x000000070cb00000|
| 204|0x000000070cc00000, 0x000000070cc00000, 0x000000070cd00000|  0%| F|  |TS 25|AC  0|TAMS 0x000000070cc00000, 0x000000070cc00000|
| 205|0x000000070cd00000, 0x000000070cd00000, 0x000000070ce00000|  0%| F|  |TS 25|AC  0|TAMS 0x000000070cd00000, 0x000000070cd00000|
| 206|0x000000070ce00000, 0x000000070ce00000, 0x000000070cf00000|  0%| F|  |TS 25|AC  0|TAMS 0x000000070ce00000, 0x000000070ce00000|
| 207|0x000000070cf00000, 0x000000070cf00000, 0x000000070d000000|  0%| F|  |TS 25|AC  0|TAMS 0x000000070cf00000, 0x000000070cf00000|
| 208|0x000000070d000000, 0x000000070d000000, 0x000000070d100000|  0%| F|  |TS 25|AC  0|TAMS 0x000000070d000000, 0x000000070d000000|
| 209|0x000000070d100000, 0x000000070d100000, 0x000000070d200000|  0%| F|  |TS 25|AC  0|TAMS 0x000000070d100000, 0x000000070d100000|
| 210|0x000000070d200000, 0x000000070d200000, 0x000000070d300000|  0%| F|  |TS 25|AC  0|TAMS 0x000000070d200000, 0x000000070d200000|
| 211|0x000000070d300000, 0x000000070d300000, 0x000000070d400000|  0%| F|  |TS 25|AC  0|TAMS 0x000000070d300000, 0x000000070d300000|
| 212|0x000000070d400000, 0x000000070d400000, 0x000000070d500000|  0%| F|  |TS 25|AC  0|TAMS 0x000000070d400000, 0x000000070d400000|
| 213|0x000000070d500000, 0x000000070d500000, 0x000000070d600000|  0%| F|  |TS 25|AC  0|TAMS 0x000000070d500000, 0x000000070d500000|
| 214|0x000000070d600000, 0x000000070d600000, 0x000000070d700000|  0%| F|  |TS 25|AC  0|TAMS 0x000000070d600000, 0x000000070d600000|
| 215|0x000000070d700000, 0x000000070d700000, 0x000000070d800000|  0%| F|  |TS 25|AC  0|TAMS 0x000000070d700000, 0x000000070d700000|
| 216|0x000000070d800000, 0x000000070d800000, 0x000000070d900000|  0%| F|  |TS 25|AC  0|TAMS 0x000000070d800000, 0x000000070d800000|
| 217|0x000000070d900000, 0x000000070d900000, 0x000000070da00000|  0%| F|  |TS 25|AC  0|TAMS 0x000000070d900000, 0x000000070d900000|
| 218|0x000000070da00000, 0x000000070da00000, 0x000000070db00000|  0%| F|  |TS 25|AC  0|TAMS 0x000000070da00000, 0x000000070da00000|
| 219|0x000000070db00000, 0x000000070db00000, 0x000000070dc00000|  0%| F|  |TS 25|AC  0|TAMS 0x000000070db00000, 0x000000070db00000|
| 220|0x000000070dc00000, 0x000000070dc00000, 0x000000070dd00000|  0%| F|  |TS 25|AC  0|TAMS 0x000000070dc00000, 0x000000070dc00000|
| 221|0x000000070dd00000, 0x000000070dda23a0, 0x000000070de00000| 63%| E|  |TS 25|AC  0|TAMS 0x000000070dd00000, 0x000000070dd00000|
| 222|0x000000070de00000, 0x000000070df00000, 0x000000070df00000|100%| E|CS|TS 25|AC  0|TAMS 0x000000070de00000, 0x000000070de00000|
| 223|0x000000070df00000, 0x000000070e000000, 0x000000070e000000|100%| E|CS|TS 25|AC  0|TAMS 0x000000070df00000, 0x000000070df00000|
| 224|0x000000070e000000, 0x000000070e100000, 0x000000070e100000|100%| E|CS|TS 25|AC  0|TAMS 0x000000070e000000, 0x000000070e000000|
| 225|0x000000070e100000, 0x000000070e200000, 0x000000070e200000|100%| E|CS|TS 25|AC  0|TAMS 0x000000070e100000, 0x000000070e100000|
| 226|0x000000070e200000, 0x000000070e300000, 0x000000070e300000|100%| E|CS|TS 25|AC  0|TAMS 0x000000070e200000, 0x000000070e200000|

Card table byte_map: [0x0000018378b20000,0x0000018379120000] byte_map_base: 0x0000018375320000

Marking Bits (Prev, Next): (CMBitMap*) 0x0000018377d6fa10, (CMBitMap*) 0x0000018377d6fa48
 Prev Bits: [0x000001837c9c0000, 0x000001837f9c0000)
 Next Bits: [0x0000018315b40000, 0x0000018318b40000)

Polling page: 0x000001836cd80000

CodeHeap 'non-profiled nmethods': size=119168Kb used=25261Kb max_used=25580Kb free=93906Kb
 bounds [0x000001830e6e0000, 0x0000018310010000, 0x0000018315b40000]
CodeHeap 'profiled nmethods': size=119168Kb used=49485Kb max_used=50791Kb free=69682Kb
 bounds [0x0000018307280000, 0x000001830a470000, 0x000001830e6e0000]
CodeHeap 'non-nmethods': size=7424Kb used=3491Kb max_used=3549Kb free=3932Kb
 bounds [0x0000018306b40000, 0x0000018306ed0000, 0x0000018307280000]
 total_blobs=37767 nmethods=19819 adapters=1133
 compilation: enabled

Compilation events (10 events):
Event: 4123.336 Thread 0x000001837ba90000 25691       1       com.jidesoft.document.DocumentComponent::getIcon (5 bytes)
Event: 4123.337 Thread 0x000001837ba90000 nmethod 25691 0x000001830f794710 code [0x000001830f7948c0, 0x000001830f7949d8]
Event: 4123.337 Thread 0x000001837ba94000 25692       4       javax.swing.LayoutComparator::compare (13 bytes)
Event: 4123.338 Thread 0x000001837ba94000 nmethod 25692 0x000001830f794310 code [0x000001830f7944c0, 0x000001830f7945c8]
Event: 4123.417 Thread 0x000001837ba94800 25693       4       ui.views.V.j::paintComponent (124 bytes)
Event: 4123.420 Thread 0x000001837ba94800 nmethod 25693 0x000001830f7abf10 code [0x000001830f7ac0e0, 0x000001830f7ac3d0]
Event: 4123.431 Thread 0x000001837ba8e800 25694       1       ui.utils.p.e.e::g (2 bytes)
Event: 4123.431 Thread 0x000001837ba8e800 nmethod 25694 0x000001830f793f90 code [0x000001830f794140, 0x000001830f794258]
Event: 4123.520 Thread 0x000001837ba92000 25695       4       javax.swing.plaf.synth.SynthPanelUI::update (37 bytes)
Event: 4123.534 Thread 0x000001837ba92000 nmethod 25695 0x000001830f7b7310 code [0x000001830f7b7580, 0x000001830f7b8600]

GC Heap History (10 events):
Event: 4117.673 GC heap before
{Heap before GC invocations=366 (full 57):
 garbage-first heap   total 232448K, used 132884K [0x0000000700000000, 0x0000000700100718, 0x00000007c0000000)
  region size 1024K, 60 young (61440K), 2 survivors (2048K)
 Metaspace       used 86403K, capacity 90127K, committed 94720K, reserved 1130496K
  class space    used 11340K, capacity 12056K, committed 13056K, reserved 1048576K
}
Event: 4117.675 GC heap after
{Heap after GC invocations=367 (full 57):
 garbage-first heap   total 232448K, used 73410K [0x0000000700000000, 0x0000000700100718, 0x00000007c0000000)
  region size 1024K, 2 young (2048K), 2 survivors (2048K)
 Metaspace       used 86403K, capacity 90127K, committed 94720K, reserved 1130496K
  class space    used 11340K, capacity 12056K, committed 13056K, reserved 1048576K
}
Event: 4119.024 GC heap before
{Heap before GC invocations=367 (full 57):
 garbage-first heap   total 232448K, used 132802K [0x0000000700000000, 0x0000000700100718, 0x00000007c0000000)
  region size 1024K, 60 young (61440K), 2 survivors (2048K)
 Metaspace       used 86408K, capacity 90127K, committed 94720K, reserved 1130496K
  class space    used 11340K, capacity 12056K, committed 13056K, reserved 1048576K
}
Event: 4119.027 GC heap after
{Heap after GC invocations=368 (full 57):
 garbage-first heap   total 232448K, used 74288K [0x0000000700000000, 0x0000000700100718, 0x00000007c0000000)
  region size 1024K, 3 young (3072K), 3 survivors (3072K)
 Metaspace       used 86408K, capacity 90127K, committed 94720K, reserved 1130496K
  class space    used 11340K, capacity 12056K, committed 13056K, reserved 1048576K
}
Event: 4122.018 GC heap before
{Heap before GC invocations=368 (full 57):
 garbage-first heap   total 232448K, used 132656K [0x0000000700000000, 0x0000000700100718, 0x00000007c0000000)
  region size 1024K, 60 young (61440K), 3 survivors (3072K)
 Metaspace       used 86423K, capacity 90191K, committed 94720K, reserved 1130496K
  class space    used 11346K, capacity 12056K, committed 13056K, reserved 1048576K
}
Event: 4122.021 GC heap after
{Heap after GC invocations=369 (full 57):
 garbage-first heap   total 232448K, used 73578K [0x0000000700000000, 0x0000000700100718, 0x00000007c0000000)
  region size 1024K, 2 young (2048K), 2 survivors (2048K)
 Metaspace       used 86423K, capacity 90191K, committed 94720K, reserved 1130496K
  class space    used 11346K, capacity 12056K, committed 13056K, reserved 1048576K
}
Event: 4123.386 GC heap before
{Heap before GC invocations=369 (full 57):
 garbage-first heap   total 232448K, used 132970K [0x0000000700000000, 0x0000000700100718, 0x00000007c0000000)
  region size 1024K, 60 young (61440K), 2 survivors (2048K)
 Metaspace       used 86424K, capacity 90191K, committed 94720K, reserved 1130496K
  class space    used 11346K, capacity 12056K, committed 13056K, reserved 1048576K
}
Event: 4123.388 GC heap after
{Heap after GC invocations=370 (full 57):
 garbage-first heap   total 232448K, used 73723K [0x0000000700000000, 0x0000000700100718, 0x00000007c0000000)
  region size 1024K, 2 young (2048K), 2 survivors (2048K)
 Metaspace       used 86424K, capacity 90191K, committed 94720K, reserved 1130496K
  class space    used 11346K, capacity 12056K, committed 13056K, reserved 1048576K
}
Event: 4123.540 GC heap before
{Heap before GC invocations=370 (full 57):
 garbage-first heap   total 232448K, used 133115K [0x0000000700000000, 0x0000000700100718, 0x00000007c0000000)
  region size 1024K, 60 young (61440K), 2 survivors (2048K)
 Metaspace       used 86424K, capacity 90191K, committed 94720K, reserved 1130496K
  class space    used 11346K, capacity 12056K, committed 13056K, reserved 1048576K
}
Event: 4123.543 GC heap after
{Heap after GC invocations=371 (full 57):
 garbage-first heap   total 232448K, used 73614K [0x0000000700000000, 0x0000000700100718, 0x00000007c0000000)
  region size 1024K, 2 young (2048K), 2 survivors (2048K)
 Metaspace       used 86424K, capacity 90191K, committed 94720K, reserved 1130496K
  class space    used 11346K, capacity 12056K, committed 13056K, reserved 1048576K
}

Deoptimization events (10 events):
Event: 4109.865 Thread 0x000001831e4a5800 Uncommon trap: reason=unstable_if action=reinterpret pc=0x000001830f41d524 method=ui.data.simulation.c.equals(Ljava/lang/Object;)Z @ 4 c2
Event: 4111.702 Thread 0x000001831e4a5800 Uncommon trap: reason=class_check action=maybe_recompile pc=0x000001830f66f75c method=ui.views.V.a.ch.eLD()Lui/data/m/a/a; @ 20 c2
Event: 4115.566 Thread 0x000001831e4a5800 Uncommon trap: reason=class_check action=maybe_recompile pc=0x000001830f66f75c method=ui.views.V.a.ch.eLD()Lui/data/m/a/a; @ 20 c2
Event: 4117.477 Thread 0x000001831e4a5800 Uncommon trap: reason=class_check action=maybe_recompile pc=0x000001830f66f75c method=ui.views.V.a.ch.eLD()Lui/data/m/a/a; @ 20 c2
Event: 4119.236 Thread 0x000001831e4a5800 Uncommon trap: reason=unstable_if action=reinterpret pc=0x000001830f757104 method=com.jidesoft.plaf.basic.BasicJideTabbedPaneUI.tabForCoordinate(Ljavax/swing/JTabbedPane;II)I @ 188 c2
Event: 4122.026 Thread 0x000001831e4a5800 Uncommon trap: reason=class_check action=maybe_recompile pc=0x000001830fb27b80 method=javax.swing.plaf.synth.ParsedSynthStyle$DelegatingPainter.paintPanelBackground(Ljavax/swing/plaf/synth/SynthContext;Ljava/awt/Graphics;IIII)V @ 16 c2
Event: 4122.076 Thread 0x000001831e4a5800 Uncommon trap: reason=class_check action=maybe_recompile pc=0x000001830fb27b80 method=javax.swing.plaf.synth.ParsedSynthStyle$DelegatingPainter.paintPanelBackground(Ljavax/swing/plaf/synth/SynthContext;Ljava/awt/Graphics;IIII)V @ 16 c2
Event: 4123.369 Thread 0x000001831e4a5800 Uncommon trap: reason=class_check action=maybe_recompile pc=0x000001830fb27b80 method=javax.swing.plaf.synth.ParsedSynthStyle$DelegatingPainter.paintPanelBackground(Ljavax/swing/plaf/synth/SynthContext;Ljava/awt/Graphics;IIII)V @ 16 c2
Event: 4123.431 Thread 0x000001831e4a5800 Uncommon trap: reason=class_check action=maybe_recompile pc=0x000001830fb27b80 method=javax.swing.plaf.synth.ParsedSynthStyle$DelegatingPainter.paintPanelBackground(Ljavax/swing/plaf/synth/SynthContext;Ljava/awt/Graphics;IIII)V @ 16 c2
Event: 4123.487 Thread 0x000001831e4a5800 Uncommon trap: reason=class_check action=maybe_recompile pc=0x000001830fb264c4 method=javax.swing.plaf.synth.ParsedSynthStyle$DelegatingPainter.paintPanelBackground(Ljavax/swing/plaf/synth/SynthContext;Ljava/awt/Graphics;IIII)V @ 16 c2

Classes redefined (0 events):
No events

Internal exceptions (10 events):
Event: 3916.729 Thread 0x000001831e4a5800 Exception <a 'java/lang/NoSuchMethodError'{0x000000070ab2a7e0}: java.lang.invoke.DirectMethodHandle$Holder.invokeSpecial(Ljava/lang/Object;Ljava/lang/Object;Ljava/lang/Object;ILjava/lang/Object;Ljava/lang/Object;)Ljava/lang/Object;> (0x000000070ab2a7e0) t
Event: 3916.888 Thread 0x000001831fba8800 Exception <a 'ui/frmwork/CommandFailedException'{0x000000070c98f4f8}> (0x000000070c98f4f8) thrown at [t:/workspace/hotspot/src/share/vm/prims/jni.cpp, line 604]
Event: 3918.847 Thread 0x000001831fba4800 Exception <a 'java/lang/InterruptedException'{0x000000070e0813f0}: sleep interrupted> (0x000000070e0813f0) thrown at [t:/workspace/hotspot/src/share/vm/prims/jvm.cpp, line 2984]
Event: 3968.756 Thread 0x000001831fba8800 Exception <a 'java/lang/InterruptedException'{0x000000070dc94bc0}: sleep interrupted> (0x000000070dc94bc0) thrown at [t:/workspace/hotspot/src/share/vm/prims/jvm.cpp, line 2984]
Event: 4004.736 Thread 0x000001831fba5800 Exception <a 'java/lang/InterruptedException'{0x000000070be014e8}: sleep interrupted> (0x000000070be014e8) thrown at [t:/workspace/hotspot/src/share/vm/prims/jvm.cpp, line 2984]
Event: 4012.023 Thread 0x000001831e4a5800 Implicit null exception at 0x000001830fc63956 to 0x000001830fc639ac
Event: 4056.268 Thread 0x000001831e4a5800 Exception <a 'java/lang/NoSuchMethodError'{0x000000070df8a1d8}: java.lang.invoke.DirectMethodHandle$Holder.invokeSpecial(Ljava/lang/Object;Ljava/lang/Object;IILjava/lang/Object;ILjava/lang/Object;I)Ljava/lang/Object;> (0x000000070df8a1d8) thrown at [t:/wo
Event: 4056.268 Thread 0x000001831e4a5800 Exception <a 'java/lang/NoSuchMethodError'{0x000000070df8d948}: java.lang.invoke.DelegatingMethodHandle$Holder.reinvoke_L(Ljava/lang/Object;IILjava/lang/Object;ILjava/lang/Object;I)Ljava/lang/Object;> (0x000000070df8d948) thrown at [t:/workspace/hotspot/s
Event: 4056.269 Thread 0x000001831e4a5800 Exception <a 'java/lang/NoSuchMethodError'{0x000000070dfd1d28}: method resolution failed> (0x000000070dfd1d28) thrown at [t:/workspace/hotspot/src/share/vm/prims/methodHandles.cpp, line 1256]
Event: 4116.878 Thread 0x000001831fba6000 Exception <a 'java/lang/InterruptedException'{0x000000070cae6bb0}: sleep interrupted> (0x000000070cae6bb0) thrown at [t:/workspace/hotspot/src/share/vm/prims/jvm.cpp, line 3023]

Events (10 events):
Event: 4123.431 Thread 0x000001831e4a5800 DEOPT UNPACKING pc=0x0000018306b8da29 sp=0x000000139a9faae0 mode 2
Event: 4123.487 Thread 0x000001831e4a5800 Uncommon trap: trap_request=0xffffffde fr.pc=0x000001830fb264c4 relative=0x0000000000000544
Event: 4123.487 Thread 0x000001831e4a5800 DEOPT PACKING pc=0x000001830fb264c4 sp=0x000000139a9fab10
Event: 4123.487 Thread 0x000001831e4a5800 DEOPT UNPACKING pc=0x0000018306b8da29 sp=0x000000139a9faac0 mode 2
Event: 4123.540 Executing VM operation: G1IncCollectionPause
Event: 4123.543 Executing VM operation: G1IncCollectionPause done
Event: 4123.552 Thread 0x000001831fba6000 Thread added: 0x000001831fba6000
Event: 4123.554 Executing VM operation: RevokeBias
Event: 4123.554 Executing VM operation: RevokeBias done
Event: 4123.555 Thread 0x000001831fba6000 Thread exited: 0x000001831fba6000


Dynamic libraries:
0x00007ff6e61b0000 - 0x00007ff6e61e0000 	C:\Xilinx\Vivado\2019.2\bin\unwrapped\win64.o\vivado.exe
0x00007ffe7a3d0000 - 0x00007ffe7a5e7000 	C:\WINDOWS\SYSTEM32\ntdll.dll
0x00007ffe78e30000 - 0x00007ffe78ef4000 	C:\WINDOWS\System32\KERNEL32.DLL
0x00007ffe77610000 - 0x00007ffe779e3000 	C:\WINDOWS\System32\KERNELBASE.dll
0x00007ffe774c0000 - 0x00007ffe775d1000 	C:\WINDOWS\System32\ucrtbase.dll
0x00007ffe528e0000 - 0x00007ffe5296d000 	C:\WINDOWS\SYSTEM32\MSVCP140.dll
0x00007ffe549b0000 - 0x00007ffe549ce000 	C:\WINDOWS\SYSTEM32\VCRUNTIME140.dll
0x00007ffe54c50000 - 0x00007ffe54c5c000 	C:\WINDOWS\SYSTEM32\VCRUNTIME140_1.dll
0x00007ffd92670000 - 0x00007ffd92684000 	C:\Xilinx\Vivado\2019.2\lib\win64.o\libboost_signals.dll
0x00007ffd92650000 - 0x00007ffd92666000 	C:\Xilinx\Vivado\2019.2\lib\win64.o\librdi_commonmain.dll
0x00007ffd92620000 - 0x00007ffd92646000 	C:\Xilinx\Vivado\2019.2\lib\win64.o\libboost_filesystem.dll
0x00007ffe793c0000 - 0x00007ffe79471000 	C:\WINDOWS\System32\ADVAPI32.dll
0x00007ffe78b80000 - 0x00007ffe78c27000 	C:\WINDOWS\System32\msvcrt.dll
0x00007ffe784e0000 - 0x00007ffe78587000 	C:\WINDOWS\System32\sechost.dll
0x00007ffe77f90000 - 0x00007ffe77fb8000 	C:\WINDOWS\System32\bcrypt.dll
0x00007ffe78630000 - 0x00007ffe78744000 	C:\WINDOWS\System32\RPCRT4.dll
0x00007ffd920e0000 - 0x00007ffd920ea000 	C:\Xilinx\Vivado\2019.2\lib\win64.o\librdi_commonversion.dll
0x000000005c1b0000 - 0x000000005c2db000 	C:\Xilinx\Vivado\2019.2\lib\win64.o\tcl85t.dll
0x00007ffe787d0000 - 0x00007ffe78981000 	C:\WINDOWS\System32\USER32.dll
0x00007ffe775e0000 - 0x00007ffe77606000 	C:\WINDOWS\System32\win32u.dll
0x00007ffe78e00000 - 0x00007ffe78e29000 	C:\WINDOWS\System32\GDI32.dll
0x00007ffe779f0000 - 0x00007ffe77b12000 	C:\WINDOWS\System32\gdi32full.dll
0x00007ffe77fc0000 - 0x00007ffe7805a000 	C:\WINDOWS\System32\msvcp_win.dll
0x00007ffe78fa0000 - 0x00007ffe79011000 	C:\WINDOWS\System32\WS2_32.dll
0x00007ffd920d0000 - 0x00007ffd920db000 	C:\Xilinx\Vivado\2019.2\lib\win64.o\libboost_system.dll
0x00007ffd91210000 - 0x00007ffd913b1000 	C:\Xilinx\Vivado\2019.2\lib\win64.o\librdi_commonxillic.dll
0x00007ffd90f30000 - 0x00007ffd9120b000 	C:\Xilinx\Vivado\2019.2\lib\win64.o\libXil_lmgr11.dll
0x00007ffe797e0000 - 0x00007ffe798e5000 	C:\WINDOWS\System32\COMDLG32.dll
0x00007ffe79020000 - 0x00007ffe793b3000 	C:\WINDOWS\System32\combase.dll
0x00007ffe79900000 - 0x00007ffe79a0b000 	C:\WINDOWS\System32\shcore.dll
0x00007ffe79760000 - 0x00007ffe797c6000 	C:\WINDOWS\System32\SHLWAPI.dll
0x00007ffe79ae0000 - 0x00007ffe7a37d000 	C:\WINDOWS\System32\SHELL32.dll
0x00007ffe77ba0000 - 0x00007ffe77cdf000 	C:\WINDOWS\System32\wintypes.dll
0x00007ffe79680000 - 0x00007ffe79757000 	C:\WINDOWS\System32\OLEAUT32.dll
0x00007ffe794d0000 - 0x00007ffe79671000 	C:\WINDOWS\System32\ole32.dll
0x00007ffe77b20000 - 0x00007ffe77b9c000 	C:\WINDOWS\System32\WINTRUST.dll
0x00007ffe77d60000 - 0x00007ffe77ec7000 	C:\WINDOWS\System32\CRYPT32.dll
0x00007ffd91fb0000 - 0x00007ffd920c4000 	C:\Xilinx\Vivado\2019.2\lib\win64.o\libboost_regex.dll
0x00007ffd8db10000 - 0x00007ffd8ea53000 	C:\Xilinx\Vivado\2019.2\lib\win64.o\librdi_common.dll
0x00007ffe56970000 - 0x00007ffe56989000 	C:\WINDOWS\SYSTEM32\NETAPI32.dll
0x00007ffe65160000 - 0x00007ffe65213000 	C:\WINDOWS\WinSxS\amd64_microsoft.windows.common-controls_6595b64144ccf1df_5.82.22621.3527_none_b43b7f4b638cc64f\COMCTL32.dll
0x00007ffe3f730000 - 0x00007ffe3f739000 	C:\WINDOWS\SYSTEM32\WSOCK32.dll
0x00007ffe71d00000 - 0x00007ffe71d1f000 	C:\WINDOWS\SYSTEM32\dhcpcsvc.DLL
0x00007ffd91f90000 - 0x00007ffd91fa4000 	C:\Xilinx\Vivado\2019.2\lib\win64.o\libboost_date_time.dll
0x00007ffd90bc0000 - 0x00007ffd90f2e000 	C:\Xilinx\Vivado\2019.2\lib\win64.o\libCOIN-all.dll
0x00007ffd90b10000 - 0x00007ffd90b31000 	C:\Xilinx\Vivado\2019.2\lib\win64.o\libboost_thread.dll
0x00007ffd90b40000 - 0x00007ffd90bbf000 	C:\Xilinx\Vivado\2019.2\lib\win64.o\libboost_program_options.dll
0x00007ffd90b00000 - 0x00007ffd90b0f000 	C:\Xilinx\Vivado\2019.2\lib\win64.o\libboost_xilinx.dll
0x00007ffd90a70000 - 0x00007ffd90af2000 	C:\Xilinx\Vivado\2019.2\lib\win64.o\libhdlpsolve.dll
0x00007ffd909c0000 - 0x00007ffd90a65000 	C:\Xilinx\Vivado\2019.2\lib\win64.o\libhdxml.dll
0x00007ffd90990000 - 0x00007ffd909be000 	C:\Xilinx\Vivado\2019.2\lib\win64.o\libisl_sysinfo.dll
0x00007ffd90920000 - 0x00007ffd90985000 	C:\Xilinx\Vivado\2019.2\lib\win64.o\liblmx6.0.dll
0x00007ffd90900000 - 0x00007ffd9091a000 	C:\Xilinx\Vivado\2019.2\lib\win64.o\pthreadVC2.dll
0x00007ffd908e0000 - 0x00007ffd908fc000 	C:\Xilinx\Vivado\2019.2\lib\win64.o\librdiconfig.dll
0x00007ffd908b0000 - 0x00007ffd908d1000 	C:\Xilinx\Vivado\2019.2\lib\win64.o\librdizlib.dll
0x00007ffe5a440000 - 0x00007ffe5a93e000 	C:\WINDOWS\SYSTEM32\WININET.dll
0x00007ffe71fe0000 - 0x00007ffe7210c000 	C:\WINDOWS\SYSTEM32\WINHTTP.dll
0x00007ffe67160000 - 0x00007ffe67354000 	C:\WINDOWS\SYSTEM32\urlmon.dll
0x0000000012000000 - 0x0000000012270000 	C:\Xilinx\Vivado\2019.2\lib\win64.o\xerces-c_3_1.dll
0x00007ffd90880000 - 0x00007ffd908b0000 	C:\WINDOWS\SYSTEM32\VCOMP140.DLL
0x00007ffd90870000 - 0x00007ffd9087d000 	C:\Xilinx\Vivado\2019.2\lib\win64.o\libboost_chrono.dll
0x00007ffe62610000 - 0x00007ffe628cf000 	C:\WINDOWS\SYSTEM32\iertutil.dll
0x00007ffe628d0000 - 0x00007ffe628f8000 	C:\WINDOWS\SYSTEM32\srvcli.dll
0x00007ffe75ef0000 - 0x00007ffe75efc000 	C:\WINDOWS\SYSTEM32\netutils.dll
0x00007ffe753b0000 - 0x00007ffe75ccd000 	C:\WINDOWS\SYSTEM32\windows.storage.dll
0x00007ffd8cf10000 - 0x00007ffd8db0c200 	C:\Xilinx\Vivado\2019.2\lib\win64.o\libisl_iostreams.dll
0x00007ffd90850000 - 0x00007ffd9086b000 	C:\Xilinx\Vivado\2019.2\lib\win64.o\libboost_iostreams.dll
0x00007ffd8a920000 - 0x00007ffd8b7b1000 	C:\Xilinx\Vivado\2019.2\lib\win64.o\gurobi65.dll
0x00007ffd905b0000 - 0x00007ffd905d5000 	C:\Xilinx\Vivado\2019.2\lib\win64.o\libisl_iosutils.dll
0x00007ffe78f00000 - 0x00007ffe78f31000 	C:\WINDOWS\System32\IMM32.DLL
0x00007ffe77070000 - 0x00007ffe77082000 	C:\WINDOWS\SYSTEM32\MSASN1.dll
0x00007ffe764c0000 - 0x00007ffe764d8000 	C:\WINDOWS\SYSTEM32\kernel.appcore.dll
0x00007ffd813d0000 - 0x00007ffd818e7000 	C:\Xilinx\Vivado\2019.2\lib\win64.o\librdi_commontasks.dll
0x00007ffe6e2b0000 - 0x00007ffe6e2ba000 	C:\WINDOWS\SYSTEM32\VERSION.dll
0x000000005b780000 - 0x000000005c1a5000 	C:\Xilinx\Vivado\2019.2\tps\win64\jre9.0.4\bin\server\jvm.dll
0x00007ffe7a380000 - 0x00007ffe7a388000 	C:\WINDOWS\System32\PSAPI.DLL
0x00007ffe71100000 - 0x00007ffe71134000 	C:\WINDOWS\SYSTEM32\WINMM.dll
0x00007ffd904c0000 - 0x00007ffd905af000 	C:\WINDOWS\SYSTEM32\MSVCR120.dll
0x00007ffd810e0000 - 0x00007ffd813c3000 	C:\Xilinx\Vivado\2019.2\lib\win64.o\librdi_sio.dll
0x00007ffe75f70000 - 0x00007ffe75f9d000 	C:\WINDOWS\SYSTEM32\IPHLPAPI.DLL
0x00007ffe76930000 - 0x00007ffe7699a000 	C:\WINDOWS\SYSTEM32\MSWSOCK.DLL
0x00007ffd7d8d0000 - 0x00007ffd80015000 	C:\Xilinx\Vivado\2019.2\lib\win64.o\librdi_tcltasks.dll
0x00007ffd7d270000 - 0x00007ffd7d40d000 	C:\Xilinx\Vivado\2019.2\lib\win64.o\librdi_board.dll
0x00007ffd7d410000 - 0x00007ffd7d8c4000 	C:\Xilinx\Vivado\2019.2\lib\win64.o\librdi_bitstream.dll
0x00007ffd7d110000 - 0x00007ffd7d262000 	C:\Xilinx\Vivado\2019.2\lib\win64.o\librdi_cd_client.dll
0x00007ffd7d090000 - 0x00007ffd7d10b000 	C:\Xilinx\Vivado\2019.2\lib\win64.o\librdi_boarddep.dll
0x00007ffd7cfa0000 - 0x00007ffd7d08f000 	C:\Xilinx\Vivado\2019.2\lib\win64.o\librdi_chipscope.dll
0x00007ffd7cde0000 - 0x00007ffd7cfa0000 	C:\Xilinx\Vivado\2019.2\lib\win64.o\librdi_chipscopeimpl.dll
0x00007ffd7cab0000 - 0x00007ffd7cdd4000 	C:\Xilinx\Vivado\2019.2\lib\win64.o\librdi_containers.dll
0x00007ffd7afd0000 - 0x00007ffd7caaa000 	C:\Xilinx\Vivado\2019.2\lib\win64.o\librdi_constraints.dll
0x00007ffd76d00000 - 0x00007ffd7afcb000 	C:\Xilinx\Vivado\2019.2\lib\win64.o\librdi_designutils.dll
0x00007ffd769b0000 - 0x00007ffd76cfa000 	C:\Xilinx\Vivado\2019.2\lib\win64.o\librdi_dlyest.dll
0x00007ffd749c0000 - 0x00007ffd769b0000 	C:\Xilinx\Vivado\2019.2\lib\win64.o\librdi_coregen.dll
0x00007ffd8a240000 - 0x00007ffd8a919000 	C:\Xilinx\Vivado\2019.2\lib\win64.o\librdi_coregenipxact.dll
0x00007ffd89c70000 - 0x00007ffd8a23d000 	C:\Xilinx\Vivado\2019.2\lib\win64.o\librdi_drc.dll
0x00007ffd89960000 - 0x00007ffd89a24000 	C:\Xilinx\Vivado\2019.2\lib\win64.o\librdi_dsp.dll
0x00007ffd89570000 - 0x00007ffd89880000 	C:\Xilinx\Vivado\2019.2\lib\win64.o\librdi_guitools.dll
0x00007ffd89500000 - 0x00007ffd8956a000 	C:\Xilinx\Vivado\2019.2\lib\win64.o\librdi_hdf.dll
0x00007ffd88e90000 - 0x00007ffd894fb000 	C:\Xilinx\Vivado\2019.2\lib\win64.o\librdi_filemgmt.dll
0x00007ffd5fe10000 - 0x00007ffd749bb000 	C:\Xilinx\Vivado\2019.2\lib\win64.o\librdi_device.dll
0x00007ffd88c20000 - 0x00007ffd88e40000 	C:\Xilinx\Vivado\2019.2\lib\win64.o\librdi_hip_devdesign.dll
0x00007ffd88aa0000 - 0x00007ffd88be8000 	C:\Xilinx\Vivado\2019.2\lib\win64.o\librdi_hip_perf_analysis.dll
0x00007ffd85cd0000 - 0x00007ffd88a9b000 	C:\Xilinx\Vivado\2019.2\lib\win64.o\librdi_mig.dll
0x00007ffd85c50000 - 0x00007ffd85cc4000 	C:\Xilinx\Vivado\2019.2\lib\win64.o\librdi_memoryarray.dll
0x00007ffd83ea0000 - 0x00007ffd8560d000 	C:\Xilinx\Vivado\2019.2\lib\win64.o\librdi_implflow.dll
0x00007ffd85610000 - 0x00007ffd85c41000 	C:\Xilinx\Vivado\2019.2\lib\win64.o\librdi_memdata.dll
0x00007ffd835d0000 - 0x00007ffd83cb3000 	C:\Xilinx\Vivado\2019.2\lib\win64.o\librdi_netlist.dll
0x00007ffd83580000 - 0x00007ffd835cc000 	C:\Xilinx\Vivado\2019.2\lib\win64.o\librdi_pfi.dll
0x00007ffd83050000 - 0x00007ffd8336b000 	C:\Xilinx\Vivado\2019.2\lib\win64.o\librdi_platform.dll
0x00007ffd82790000 - 0x00007ffd82f9b000 	C:\Xilinx\Vivado\2019.2\lib\win64.o\librdi_power.dll
0x00007ffd5d540000 - 0x00007ffd5fe07000 	C:\Xilinx\Vivado\2019.2\lib\win64.o\librdi_place.dll
0x00007ffd821d0000 - 0x00007ffd8278a000 	C:\Xilinx\Vivado\2019.2\lib\win64.o\librdi_project.dll
0x00007ffd820c0000 - 0x00007ffd821c8000 	C:\Xilinx\Vivado\2019.2\lib\win64.o\librdi_runsbase.dll
0x00007ffd5d2c0000 - 0x00007ffd5d535000 	C:\Xilinx\Vivado\2019.2\lib\win64.o\librdi_simdata.dll
0x00007ffd5cb80000 - 0x00007ffd5d2b3000 	C:\Xilinx\Vivado\2019.2\lib\win64.o\librdi_psta.dll
0x00007ffd5c4b0000 - 0x00007ffd5cb71000 	C:\Xilinx\Vivado\2019.2\lib\win64.o\librdi_rsb.dll
0x00007ffd5c080000 - 0x00007ffd5c4a3000 	C:\Xilinx\Vivado\2019.2\lib\win64.o\librdi_runs.dll
0x00007ffd5bee0000 - 0x00007ffd5c080000 	C:\Xilinx\Vivado\2019.2\lib\win64.o\librdi_cd_protocol.dll
0x00007ffd81f80000 - 0x00007ffd81fcc000 	C:\Xilinx\Vivado\2019.2\lib\win64.o\libboost_serialization.dll
0x00007ffd5b050000 - 0x00007ffd5bedd000 	C:\Xilinx\Vivado\2019.2\lib\win64.o\librdi_timing.dll
0x00007ffd5aea0000 - 0x00007ffd5b041000 	C:\Xilinx\Vivado\2019.2\lib\win64.o\librdi_advchipscopeimpl.dll
0x00007ffd80090000 - 0x00007ffd80167000 	C:\Xilinx\Vivado\2019.2\lib\win64.o\librdi_ipconfig_readwrite.dll
0x00007ffd81ee0000 - 0x00007ffd81f2a000 	C:\Xilinx\Vivado\2019.2\lib\win64.o\librdi_noc_frameworks.dll
0x00007ffd5a950000 - 0x00007ffd5ae9e000 	C:\Xilinx\Vivado\2019.2\lib\win64.o\librdi_xdm.dll
0x00007ffd5a8b0000 - 0x00007ffd5a94e000 	C:\Xilinx\Vivado\2019.2\lib\win64.o\libise.dll
0x00007ffd5a6c0000 - 0x00007ffd5a8a4000 	C:\Xilinx\Vivado\2019.2\lib\win64.o\librdi_hip_config.dll
0x00007ffd81e90000 - 0x00007ffd81eda000 	C:\Xilinx\Vivado\2019.2\lib\win64.o\librdi_wavedata_SimpleApi.dll
0x00007ffd59b20000 - 0x00007ffd5a13b000 	C:\Xilinx\Vivado\2019.2\lib\win64.o\librdi_wavedata.dll

VM Arguments:
jvm_args: -Dsun.java2d.pmoffscreen=false -Dsun.java2d.xrender=false -Dsun.java2d.d3d=false -Dsun.awt.nopixfmt=true -Dsun.java2d.dpiaware=true -Dsun.java2d.uiScale.enabled=false -Xverify:none -Dswing.aatext=true -XX:-UsePerfData -Djdk.map.althashing.threshold=512 -XX:StringTableSize=4072 --add-opens=java.base/java.nio=ALL-UNNAMED --add-opens=java.desktop/sun.swing=ALL-UNNAMED --add-opens=java.desktop/javax.swing=ALL-UNNAMED --add-opens=java.desktop/javax.swing.tree=ALL-UNNAMED --add-opens=java.desktop/javax.swing.plaf.basic=ALL-UNNAMED --add-opens=java.desktop/javax.swing.plaf.synth=ALL-UNNAMED --add-opens=java.desktop/com.sun.awt=ALL-UNNAMED -XX:NewSize=60m -XX:MaxNewSize=60m -Xms128m -Xmx3072m -Xss5m 
java_command: <unknown>
java_class_path (initial): C:/Xilinx/Vivado/2019.2\lib\classes\alloy.jar;C:/Xilinx/Vivado/2019.2\lib\classes\autoesl-common.jar;C:/Xilinx/Vivado/2019.2\lib\classes\autoesl-models.jar;C:/Xilinx/Vivado/2019.2\lib\classes\autoesl-report.jar;C:/Xilinx/Vivado/2019.2\lib\classes\autopilot.scelaborator.jar;C:/Xilinx/Vivado/2019.2\lib\classes\autopilot.sourceprocessor.jar;C:/Xilinx/Vivado/2019.2\lib\classes\autopilot.tbprocessor.jar;C:/Xilinx/Vivado/2019.2\lib\classes\batik-anim.jar;C:/Xilinx/Vivado/2019.2\lib\classes\batik-awt-util.jar;C:/Xilinx/Vivado/2019.2\lib\classes\batik-bridge.jar;C:/Xilinx/Vivado/2019.2\lib\classes\batik-codec.jar;C:/Xilinx/Vivado/2019.2\lib\classes\batik-css.jar;C:/Xilinx/Vivado/2019.2\lib\classes\batik-dom.jar;C:/Xilinx/Vivado/2019.2\lib\classes\batik-ext.jar;C:/Xilinx/Vivado/2019.2\lib\classes\batik-gui-util.jar;C:/Xilinx/Vivado/2019.2\lib\classes\batik-gvt.jar;C:/Xilinx/Vivado/2019.2\lib\classes\batik-parser.jar;C:/Xilinx/Vivado/2019.2\lib\classes\batik-script.jar;C:/Xilinx/Vivado/2019.2\lib\classes\batik-svg-dom.jar;C:/Xilinx/Vivado/2019.2\lib\classes\batik-swing.jar;C:/Xilinx/Vivado/2019.2\lib\classes\batik-transcoder.jar;C:/Xilinx/Vivado/2019.2\lib\classes\batik-util.jar;C:/Xilinx/Vivado/2019.2\lib\classes\batik-xml.jar;C:/Xilinx/Vivado/2019.2\lib\classes\com.google.gson_2.7.0.v20170129-0911.jar;C:/Xilinx/Vivado/2019.2\lib\classes\com.google.guava_21.0.0.v20170206-1425.jar;C:/Xilinx/Vivado/2019.2\lib\classes\com.ibm.icu_4.4.2.v20110208.jar;C:/Xilinx/Vivado/2019.2\lib\classes\com.sigasi.hdt.connection_4.5.0.201909241521.jar;C:/Xilinx/Vivado/2019.2\lib\classes\com.sigasi.hdt.epl_4.5.0.201909241521.jar;C:/Xilinx/Vivado/2019.2\lib\classes\com.sigasi.hdt.project_4.5.0.201909241521.jar;C:/Xilinx/Vivado/2019.2\lib\classes\com.sigasi.hdt.readonlyfilesystem_4.5.0.201909241521.jar;C:/Xilinx/Vivado/2019.2\lib\classes\com.sigasi.lcm_4.5.0.201909241521.jar;C:/Xilinx/Vivado/2019.2\lib\classes\com.sigasi.sdk.client_4.5.0.201909241521.jar;C:/Xilinx/Vivado
Launcher Type: generic

Logging:
Log output configuration:
#0: stdout all=warning uptime,level,tags
#1: stderr all=off uptime,level,tags

Environment Variables:
PATH=C:/Xilinx/Vivado/2019.2\gnuwin\bin;C:/Xilinx/Vivado/2019.2\gnu\microblaze\nt\bin;C:/Xilinx/Vivado/2019.2/bin;C:/Xilinx/Vivado/2019.2/lib/win64.o;C:/Xilinx/Vivado/2019.2/tps/win64/jre9.0.4/bin/server;C:/Xilinx/Vivado/2019.2/tps/win64/jre9.0.4/bin;C:/Xilinx/Vivado/2019.2/ids_lite/ISE/bin/nt64;C:/Xilinx/Vivado/2019.2/ids_lite/ISE/lib/nt64;C:\Program Files (x86)\Common Files\Oracle\Java\java8path;C:\Program Files (x86)\Common Files\Oracle\Java\javapath;C:\Windows\system32;C:\Windows;C:\Windows\System32\Wbem;C:\Windows\System32\WindowsPowerShell\v1.0\;C:\Windows\System32\OpenSSH\;C:\Program Files (x86)\NVIDIA Corporation\PhysX\Common;C:\Program Files\NVIDIA Corporation\NVIDIA NvDLISR;C:\Program Files\Microsoft VS Code\bin;C:\Program Files\MATLAB_1\R2023b\bin;C:\Flex Windows\Lex\bin;C:\Flex Windows\gcc\bin;C:\Flex Windows\Bison\bin;C:\Program Files\Git\cmd;C:\Users\demon\verilog\conda3;C:\Users\demon\verilog\conda3\Library\mingw-w64\bin;C:\Users\demon\verilog\conda3\Library\usr\bin;C:\Users\demon\verilog\conda3\Library\bin;C:\Users\demon\verilog\conda3\Scripts;C:\Users\demon\AppData\Local\Microsoft\WindowsApps;C:\modeltech64_10.6d\win64;C:\Users\demon\AppData\Local\GitHubDesktop\bin;C:\Users\demon\AppData\Local\Microsoft\WinGet\Packages\Genymobile.scrcpy_Microsoft.Winget.Source_8wekyb3d8bbwe\scrcpy-win64-v3.1;C:/Xilinx/Vivado/2019.2\tps\mingw\6.2.0\win64.o\nt\bin;C:/Xilinx/Vivado/2019.2\tps\mingw\6.2.0\win64.o\nt\libexec\gcc\x86_64-w64-mingw32\6.2.0;C:/Xilinx/Vivado/2019.2\tps\win64\python-2.7.5;C:/Xilinx/Vivado/2019.2\tps\win64\python-2.7.5\bin;C:/Xilinx/Vivado/2019.2\tps\win64\python-2.7.5\lib;C:/Xilinx/Vivado/2019.2\tps\win64\python-2.7.5\Lib\lib-tk;C:/Xilinx/Vivado/2019.2\tps\win64\python-2.7.5\lib\site-packages
USERNAME=demon
OS=Windows_NT
PROCESSOR_IDENTIFIER=AMD64 Family 25 Model 80 Stepping 0, AuthenticAMD



---------------  S Y S T E M  ---------------

OS: Windows 10 , 64 bit Build 22621 (10.0.22621.5262)

CPU:total 16 (initial active 16) (16 cores per cpu, 1 threads per core) family 25 model 80 stepping 0, cmov, cx8, fxsr, mmx, sse, sse2, sse3, ssse3, sse4.1, sse4.2, popcnt, avx, avx2, aes, clmul, erms, mmxext, 3dnowpref, lzcnt, sse4a, tsc, tscinvbit, tscinv, bmi1

Memory: 4k page, physical 6139972k(480788k free), swap 21344324k(8219672k free)

vm_info: Java HotSpot(TM) 64-Bit Server VM (9.0.4+11) for windows-amd64 JRE (9.0.4+11), built on Dec 20 2017 02:18:54 by "mach5one" with MS VC++ 12.0 (VS2013)

END.
