
*** Running vivado
    with args -log AXI_TOP_WRAPPER.vds -m64 -product Vivado -mode batch -messageDb vivado.pb -notrace -source AXI_TOP_WRAPPER.tcl


****** Vivado v2019.2 (64-bit)
  **** SW Build 2708876 on Wed Nov  6 21:40:23 MST 2019
  **** IP Build 2700528 on Thu Nov  7 00:09:20 MST 2019
    ** Copyright 1986-2019 Xilinx, Inc. All Rights Reserved.

source AXI_TOP_WRAPPER.tcl -notrace
INFO: [IP_Flow 19-234] Refreshing IP repositories
INFO: [IP_Flow 19-1700] Loaded user IP repository 'c:/Users/demon/INTERNSHIP/src_sim_vivado/ip_repo/tests_1.0'.
INFO: [IP_Flow 19-2313] Loaded Vivado IP repository 'C:/Xilinx/Vivado/2019.2/data/ip'.
Command: synth_design -top AXI_TOP_WRAPPER -part xc7z045ffg900-2 -flatten_hierarchy none
Starting synth_design
Attempting to get a license for feature 'Synthesis' and/or device 'xc7z045'
INFO: [Common 17-349] Got license for feature 'Synthesis' and/or device 'xc7z045'
INFO: [Common 17-86] Your Synthesis license expires in 2 day(s)
INFO: Launching helper process for spawning children vivado processes
INFO: Helper process launched with PID 11476 
WARNING: [Synth 8-2507] parameter declaration becomes local in AXI_MASTER with formal parameter declaration list [C:/Users/demon/INTERNSHIP/src_sim_vivado/AXI_UART_V2/AXI_UART_V2.srcs/sources_1/new/AXI_MASTER.v:87]
---------------------------------------------------------------------------------
Starting Synthesize : Time (s): cpu = 00:00:03 ; elapsed = 00:00:04 . Memory (MB): peak = 727.660 ; gain = 246.078
---------------------------------------------------------------------------------
INFO: [Synth 8-6157] synthesizing module 'AXI_TOP_WRAPPER' [C:/Users/demon/INTERNSHIP/src_sim_vivado/AXI_UART_V2/AXI_UART_V2.srcs/sources_1/new/AXI_MASTER_WRAPPER.v:1]
	Parameter ADDR_WIDTH bound to: 32 - type: integer 
	Parameter DATA_WIDTH bound to: 64 - type: integer 
	Parameter ID_WIDTH bound to: 4 - type: integer 
	Parameter SIZE_WIDTH bound to: 4 - type: integer 
	Parameter LEN_WIDTH bound to: 8 - type: integer 
	Parameter RESPONSE_WIDTH bound to: 3 - type: integer 
	Parameter AR_DEPTH bound to: 32 - type: integer 
	Parameter W_DEPTH bound to: 1024 - type: integer 
	Parameter AW_DEPTH bound to: 32 - type: integer 
	Parameter R_DEPTH bound to: 1024 - type: integer 
INFO: [Synth 8-6157] synthesizing module 'AXI_MASTER' [C:/Users/demon/INTERNSHIP/src_sim_vivado/AXI_UART_V2/AXI_UART_V2.srcs/sources_1/new/AXI_MASTER.v:23]
	Parameter ADDR_WIDTH bound to: 32 - type: integer 
	Parameter DATA_WIDTH bound to: 64 - type: integer 
	Parameter ID_WIDTH bound to: 4 - type: integer 
	Parameter SIZE_WIDTH bound to: 4 - type: integer 
	Parameter LEN_WIDTH bound to: 8 - type: integer 
	Parameter RESPONSE_WIDTH bound to: 3 - type: integer 
	Parameter IDEL bound to: 2'b00 
	Parameter START bound to: 2'b01 
INFO: [Synth 8-155] case statement is not full and has no default [C:/Users/demon/INTERNSHIP/src_sim_vivado/AXI_UART_V2/AXI_UART_V2.srcs/sources_1/new/AXI_MASTER.v:144]
INFO: [Synth 8-155] case statement is not full and has no default [C:/Users/demon/INTERNSHIP/src_sim_vivado/AXI_UART_V2/AXI_UART_V2.srcs/sources_1/new/AXI_MASTER.v:167]
INFO: [Synth 8-155] case statement is not full and has no default [C:/Users/demon/INTERNSHIP/src_sim_vivado/AXI_UART_V2/AXI_UART_V2.srcs/sources_1/new/AXI_MASTER.v:191]
INFO: [Synth 8-155] case statement is not full and has no default [C:/Users/demon/INTERNSHIP/src_sim_vivado/AXI_UART_V2/AXI_UART_V2.srcs/sources_1/new/AXI_MASTER.v:211]
INFO: [Synth 8-155] case statement is not full and has no default [C:/Users/demon/INTERNSHIP/src_sim_vivado/AXI_UART_V2/AXI_UART_V2.srcs/sources_1/new/AXI_MASTER.v:233]
WARNING: [Synth 8-6014] Unused sequential element r_next_state_reg was removed.  [C:/Users/demon/INTERNSHIP/src_sim_vivado/AXI_UART_V2/AXI_UART_V2.srcs/sources_1/new/AXI_MASTER.v:138]
WARNING: [Synth 8-6014] Unused sequential element ar_next_state_reg was removed.  [C:/Users/demon/INTERNSHIP/src_sim_vivado/AXI_UART_V2/AXI_UART_V2.srcs/sources_1/new/AXI_MASTER.v:138]
WARNING: [Synth 8-6014] Unused sequential element b_next_state_reg was removed.  [C:/Users/demon/INTERNSHIP/src_sim_vivado/AXI_UART_V2/AXI_UART_V2.srcs/sources_1/new/AXI_MASTER.v:138]
WARNING: [Synth 8-6014] Unused sequential element w_next_state_reg was removed.  [C:/Users/demon/INTERNSHIP/src_sim_vivado/AXI_UART_V2/AXI_UART_V2.srcs/sources_1/new/AXI_MASTER.v:138]
WARNING: [Synth 8-6014] Unused sequential element aw_next_state_reg was removed.  [C:/Users/demon/INTERNSHIP/src_sim_vivado/AXI_UART_V2/AXI_UART_V2.srcs/sources_1/new/AXI_MASTER.v:138]
WARNING: [Synth 8-6014] Unused sequential element r_arlen_reg was removed.  [C:/Users/demon/INTERNSHIP/src_sim_vivado/AXI_UART_V2/AXI_UART_V2.srcs/sources_1/new/AXI_MASTER.v:218]
INFO: [Synth 8-6155] done synthesizing module 'AXI_MASTER' (1#1) [C:/Users/demon/INTERNSHIP/src_sim_vivado/AXI_UART_V2/AXI_UART_V2.srcs/sources_1/new/AXI_MASTER.v:23]
INFO: [Synth 8-6157] synthesizing module 'WRITE_BUFFER' [C:/Users/demon/INTERNSHIP/src_sim_vivado/AXI_UART_V2/AXI_UART_V2.srcs/sources_1/new/WRITE_BUFFER.v:23]
	Parameter ADDR_WIDTH bound to: 32 - type: integer 
	Parameter DATA_WIDTH bound to: 64 - type: integer 
	Parameter ID_WIDTH bound to: 4 - type: integer 
	Parameter SIZE_WIDTH bound to: 4 - type: integer 
	Parameter LEN_WIDTH bound to: 8 - type: integer 
	Parameter RESPONSE_WIDTH bound to: 3 - type: integer 
	Parameter W_DEPTH bound to: 1024 - type: integer 
	Parameter AW_DEPTH bound to: 32 - type: integer 
INFO: [Synth 8-6157] synthesizing module 'AW_FIFO' [C:/Users/demon/INTERNSHIP/src_sim_vivado/AXI_UART_V2/AXI_UART_V2.srcs/sources_1/new/AW_FIFO.v:1]
	Parameter ADDR_WIDTH bound to: 32 - type: integer 
	Parameter DATA_WIDTH bound to: 64 - type: integer 
	Parameter ID_WIDTH bound to: 4 - type: integer 
	Parameter SIZE_WIDTH bound to: 4 - type: integer 
	Parameter LEN_WIDTH bound to: 8 - type: integer 
	Parameter RESPONSE_WIDTH bound to: 3 - type: integer 
	Parameter AW_DEPTH bound to: 32 - type: integer 
	Parameter AW_FIFO_WIDTH bound to: 50 - type: integer 
INFO: [Synth 8-6157] synthesizing module 'FIFO' [C:/Users/demon/INTERNSHIP/src_sim_vivado/AXI_UART_V2/AXI_UART_V2.srcs/sources_1/new/FIFO.v:23]
	Parameter DATA_WIDTH bound to: 50 - type: integer 
	Parameter DEPTH bound to: 32 - type: integer 
	Parameter COUNTER_WIDTH bound to: 5 - type: integer 
	Parameter BYTES bound to: 6 - type: integer 
	Parameter BYTE_POINTER_WIDTH bound to: 8 - type: integer 
	Parameter IDEL bound to: 2'b00 
	Parameter WRITE bound to: 2'b01 
	Parameter READ bound to: 2'b10 
INFO: [Synth 8-155] case statement is not full and has no default [C:/Users/demon/INTERNSHIP/src_sim_vivado/AXI_UART_V2/AXI_UART_V2.srcs/sources_1/new/FIFO.v:69]
INFO: [Synth 8-6155] done synthesizing module 'FIFO' (2#1) [C:/Users/demon/INTERNSHIP/src_sim_vivado/AXI_UART_V2/AXI_UART_V2.srcs/sources_1/new/FIFO.v:23]
INFO: [Synth 8-6155] done synthesizing module 'AW_FIFO' (3#1) [C:/Users/demon/INTERNSHIP/src_sim_vivado/AXI_UART_V2/AXI_UART_V2.srcs/sources_1/new/AW_FIFO.v:1]
INFO: [Synth 8-6157] synthesizing module 'W_FIFO' [C:/Users/demon/INTERNSHIP/src_sim_vivado/AXI_UART_V2/AXI_UART_V2.srcs/sources_1/new/W_FIFO.v:1]
	Parameter ADDR_WIDTH bound to: 32 - type: integer 
	Parameter DATA_WIDTH bound to: 64 - type: integer 
	Parameter ID_WIDTH bound to: 4 - type: integer 
	Parameter SIZE_WIDTH bound to: 4 - type: integer 
	Parameter LEN_WIDTH bound to: 8 - type: integer 
	Parameter RESPONSE_WIDTH bound to: 3 - type: integer 
	Parameter W_DEPTH bound to: 1024 - type: integer 
	Parameter WDATA_FIFO_WIDTH bound to: 72 - type: integer 
INFO: [Synth 8-6157] synthesizing module 'FIFO__parameterized0' [C:/Users/demon/INTERNSHIP/src_sim_vivado/AXI_UART_V2/AXI_UART_V2.srcs/sources_1/new/FIFO.v:23]
	Parameter DATA_WIDTH bound to: 72 - type: integer 
	Parameter DEPTH bound to: 1024 - type: integer 
	Parameter COUNTER_WIDTH bound to: 10 - type: integer 
	Parameter BYTES bound to: 9 - type: integer 
	Parameter BYTE_POINTER_WIDTH bound to: 13 - type: integer 
	Parameter IDEL bound to: 2'b00 
	Parameter WRITE bound to: 2'b01 
	Parameter READ bound to: 2'b10 
INFO: [Synth 8-155] case statement is not full and has no default [C:/Users/demon/INTERNSHIP/src_sim_vivado/AXI_UART_V2/AXI_UART_V2.srcs/sources_1/new/FIFO.v:69]
INFO: [Synth 8-6155] done synthesizing module 'FIFO__parameterized0' (3#1) [C:/Users/demon/INTERNSHIP/src_sim_vivado/AXI_UART_V2/AXI_UART_V2.srcs/sources_1/new/FIFO.v:23]
INFO: [Synth 8-6155] done synthesizing module 'W_FIFO' (4#1) [C:/Users/demon/INTERNSHIP/src_sim_vivado/AXI_UART_V2/AXI_UART_V2.srcs/sources_1/new/W_FIFO.v:1]
INFO: [Synth 8-6155] done synthesizing module 'WRITE_BUFFER' (5#1) [C:/Users/demon/INTERNSHIP/src_sim_vivado/AXI_UART_V2/AXI_UART_V2.srcs/sources_1/new/WRITE_BUFFER.v:23]
INFO: [Synth 8-6157] synthesizing module 'READ_BUFFER' [C:/Users/demon/INTERNSHIP/src_sim_vivado/AXI_UART_V2/AXI_UART_V2.srcs/sources_1/new/READ_BUFFER.v:23]
	Parameter ADDR_WIDTH bound to: 32 - type: integer 
	Parameter DATA_WIDTH bound to: 64 - type: integer 
	Parameter ID_WIDTH bound to: 4 - type: integer 
	Parameter SIZE_WIDTH bound to: 4 - type: integer 
	Parameter LEN_WIDTH bound to: 8 - type: integer 
	Parameter RESPONSE_WIDTH bound to: 3 - type: integer 
	Parameter AR_DEPTH bound to: 32 - type: integer 
	Parameter R_DEPTH bound to: 1024 - type: integer 
INFO: [Synth 8-6157] synthesizing module 'AR_FIFO' [C:/Users/demon/INTERNSHIP/src_sim_vivado/AXI_UART_V2/AXI_UART_V2.srcs/sources_1/new/AR_FIFO.v:23]
	Parameter ADDR_WIDTH bound to: 32 - type: integer 
	Parameter DATA_WIDTH bound to: 64 - type: integer 
	Parameter ID_WIDTH bound to: 4 - type: integer 
	Parameter SIZE_WIDTH bound to: 4 - type: integer 
	Parameter LEN_WIDTH bound to: 8 - type: integer 
	Parameter RESPONSE_WIDTH bound to: 3 - type: integer 
	Parameter AR_DEPTH bound to: 32 - type: integer 
	Parameter AR_FIFO_WIDTH bound to: 50 - type: integer 
INFO: [Synth 8-6155] done synthesizing module 'AR_FIFO' (6#1) [C:/Users/demon/INTERNSHIP/src_sim_vivado/AXI_UART_V2/AXI_UART_V2.srcs/sources_1/new/AR_FIFO.v:23]
INFO: [Synth 8-6157] synthesizing module 'R_FIFO' [C:/Users/demon/INTERNSHIP/src_sim_vivado/AXI_UART_V2/AXI_UART_V2.srcs/sources_1/new/R_FIFO.v:1]
	Parameter ADDR_WIDTH bound to: 32 - type: integer 
	Parameter DATA_WIDTH bound to: 64 - type: integer 
	Parameter ID_WIDTH bound to: 4 - type: integer 
	Parameter SIZE_WIDTH bound to: 4 - type: integer 
	Parameter LEN_WIDTH bound to: 8 - type: integer 
	Parameter RESPONSE_WIDTH bound to: 3 - type: integer 
	Parameter R_DEPTH bound to: 1024 - type: integer 
	Parameter R_DATA_FIFO_WIDTH bound to: 71 - type: integer 
	Parameter IDEL bound to: 2'b00 
	Parameter READ bound to: 2'b01 
	Parameter SYNCRONIZE bound to: 2'b10 
	Parameter SEND bound to: 2'b11 
INFO: [Synth 8-6157] synthesizing module 'FIFO__parameterized1' [C:/Users/demon/INTERNSHIP/src_sim_vivado/AXI_UART_V2/AXI_UART_V2.srcs/sources_1/new/FIFO.v:23]
	Parameter DATA_WIDTH bound to: 71 - type: integer 
	Parameter DEPTH bound to: 1024 - type: integer 
	Parameter COUNTER_WIDTH bound to: 10 - type: integer 
	Parameter BYTES bound to: 8 - type: integer 
	Parameter BYTE_POINTER_WIDTH bound to: 13 - type: integer 
	Parameter IDEL bound to: 2'b00 
	Parameter WRITE bound to: 2'b01 
	Parameter READ bound to: 2'b10 
INFO: [Synth 8-155] case statement is not full and has no default [C:/Users/demon/INTERNSHIP/src_sim_vivado/AXI_UART_V2/AXI_UART_V2.srcs/sources_1/new/FIFO.v:69]
INFO: [Synth 8-6155] done synthesizing module 'FIFO__parameterized1' (6#1) [C:/Users/demon/INTERNSHIP/src_sim_vivado/AXI_UART_V2/AXI_UART_V2.srcs/sources_1/new/FIFO.v:23]
WARNING: [Synth 8-6014] Unused sequential element r_fifo_rd_en_reg was removed.  [C:/Users/demon/INTERNSHIP/src_sim_vivado/AXI_UART_V2/AXI_UART_V2.srcs/sources_1/new/R_FIFO.v:64]
INFO: [Synth 8-6155] done synthesizing module 'R_FIFO' (7#1) [C:/Users/demon/INTERNSHIP/src_sim_vivado/AXI_UART_V2/AXI_UART_V2.srcs/sources_1/new/R_FIFO.v:1]
INFO: [Synth 8-6155] done synthesizing module 'READ_BUFFER' (8#1) [C:/Users/demon/INTERNSHIP/src_sim_vivado/AXI_UART_V2/AXI_UART_V2.srcs/sources_1/new/READ_BUFFER.v:23]
WARNING: [Synth 8-3848] Net bvalid in module/entity AXI_TOP_WRAPPER does not have driver. [C:/Users/demon/INTERNSHIP/src_sim_vivado/AXI_UART_V2/AXI_UART_V2.srcs/sources_1/new/AXI_MASTER_WRAPPER.v:65]
WARNING: [Synth 8-3848] Net bresp in module/entity AXI_TOP_WRAPPER does not have driver. [C:/Users/demon/INTERNSHIP/src_sim_vivado/AXI_UART_V2/AXI_UART_V2.srcs/sources_1/new/AXI_MASTER_WRAPPER.v:66]
WARNING: [Synth 8-3848] Net bid in module/entity AXI_TOP_WRAPPER does not have driver. [C:/Users/demon/INTERNSHIP/src_sim_vivado/AXI_UART_V2/AXI_UART_V2.srcs/sources_1/new/AXI_MASTER_WRAPPER.v:67]
INFO: [Synth 8-6155] done synthesizing module 'AXI_TOP_WRAPPER' (9#1) [C:/Users/demon/INTERNSHIP/src_sim_vivado/AXI_UART_V2/AXI_UART_V2.srcs/sources_1/new/AXI_MASTER_WRAPPER.v:1]
WARNING: [Synth 8-3331] design W_FIFO has unconnected port wlast
WARNING: [Synth 8-3331] design AXI_MASTER has unconnected port bresp[2]
WARNING: [Synth 8-3331] design AXI_MASTER has unconnected port bresp[1]
WARNING: [Synth 8-3331] design AXI_MASTER has unconnected port bresp[0]
WARNING: [Synth 8-3331] design AXI_MASTER has unconnected port bid[3]
WARNING: [Synth 8-3331] design AXI_MASTER has unconnected port bid[2]
WARNING: [Synth 8-3331] design AXI_MASTER has unconnected port bid[1]
WARNING: [Synth 8-3331] design AXI_MASTER has unconnected port bid[0]
---------------------------------------------------------------------------------
Finished Synthesize : Time (s): cpu = 00:00:03 ; elapsed = 00:00:05 . Memory (MB): peak = 777.793 ; gain = 296.211
---------------------------------------------------------------------------------
---------------------------------------------------------------------------------
Finished Constraint Validation : Time (s): cpu = 00:00:04 ; elapsed = 00:00:05 . Memory (MB): peak = 777.793 ; gain = 296.211
---------------------------------------------------------------------------------
---------------------------------------------------------------------------------
Start Loading Part and Timing Information
---------------------------------------------------------------------------------
Loading part: xc7z045ffg900-2
---------------------------------------------------------------------------------
Finished Loading Part and Timing Information : Time (s): cpu = 00:00:04 ; elapsed = 00:00:05 . Memory (MB): peak = 777.793 ; gain = 296.211
---------------------------------------------------------------------------------
INFO: [Device 21-403] Loading part xc7z045ffg900-2
INFO: [Synth 8-802] inferred FSM for state register 'r_state_reg' in module 'AXI_MASTER'
INFO: [Synth 8-802] inferred FSM for state register 'ar_state_reg' in module 'AXI_MASTER'
INFO: [Synth 8-802] inferred FSM for state register 'b_state_reg' in module 'AXI_MASTER'
INFO: [Synth 8-802] inferred FSM for state register 'w_state_reg' in module 'AXI_MASTER'
INFO: [Synth 8-802] inferred FSM for state register 'aw_state_reg' in module 'AXI_MASTER'
INFO: [Synth 8-802] inferred FSM for state register 'rd_state_reg' in module 'FIFO'
INFO: [Synth 8-802] inferred FSM for state register 'rd_state_reg' in module 'FIFO__parameterized0'
INFO: [Synth 8-802] inferred FSM for state register 'rd_state_reg' in module 'FIFO__parameterized1'
INFO: [Synth 8-802] inferred FSM for state register 'r_fifo_state_reg' in module 'R_FIFO'
---------------------------------------------------------------------------------------------------
                   State |                     New Encoding |                Previous Encoding 
---------------------------------------------------------------------------------------------------
                    IDEL |                                1 |                               00
                   START |                                0 |                               01
---------------------------------------------------------------------------------------------------
INFO: [Synth 8-3354] encoded FSM with state register 'aw_state_reg' using encoding 'sequential' in module 'AXI_MASTER'
---------------------------------------------------------------------------------------------------
                   State |                     New Encoding |                Previous Encoding 
---------------------------------------------------------------------------------------------------
                    IDEL |                                1 |                               00
                   START |                                0 |                               01
---------------------------------------------------------------------------------------------------
INFO: [Synth 8-3354] encoded FSM with state register 'w_state_reg' using encoding 'sequential' in module 'AXI_MASTER'
---------------------------------------------------------------------------------------------------
                   State |                     New Encoding |                Previous Encoding 
---------------------------------------------------------------------------------------------------
                    IDEL |                                0 |                               00
                   START |                                1 |                               01
---------------------------------------------------------------------------------------------------
INFO: [Synth 8-3354] encoded FSM with state register 'b_state_reg' using encoding 'sequential' in module 'AXI_MASTER'
---------------------------------------------------------------------------------------------------
                   State |                     New Encoding |                Previous Encoding 
---------------------------------------------------------------------------------------------------
                    IDEL |                                1 |                               00
                   START |                                0 |                               01
---------------------------------------------------------------------------------------------------
INFO: [Synth 8-3354] encoded FSM with state register 'ar_state_reg' using encoding 'sequential' in module 'AXI_MASTER'
---------------------------------------------------------------------------------------------------
                   State |                     New Encoding |                Previous Encoding 
---------------------------------------------------------------------------------------------------
                    IDEL |                                0 |                               00
                   START |                                1 |                               01
---------------------------------------------------------------------------------------------------
INFO: [Synth 8-3354] encoded FSM with state register 'r_state_reg' using encoding 'sequential' in module 'AXI_MASTER'
---------------------------------------------------------------------------------------------------
                   State |                     New Encoding |                Previous Encoding 
---------------------------------------------------------------------------------------------------
                    IDEL |                                0 |                               00
                    READ |                                1 |                               10
---------------------------------------------------------------------------------------------------
INFO: [Synth 8-3354] encoded FSM with state register 'rd_state_reg' using encoding 'sequential' in module 'FIFO'
---------------------------------------------------------------------------------------------------
                   State |                     New Encoding |                Previous Encoding 
---------------------------------------------------------------------------------------------------
                    IDEL |                                0 |                               00
                    READ |                                1 |                               10
---------------------------------------------------------------------------------------------------
INFO: [Synth 8-3354] encoded FSM with state register 'rd_state_reg' using encoding 'sequential' in module 'FIFO__parameterized0'
---------------------------------------------------------------------------------------------------
                   State |                     New Encoding |                Previous Encoding 
---------------------------------------------------------------------------------------------------
                    IDEL |                                0 |                               00
                    READ |                                1 |                               10
---------------------------------------------------------------------------------------------------
INFO: [Synth 8-3354] encoded FSM with state register 'rd_state_reg' using encoding 'sequential' in module 'FIFO__parameterized1'
---------------------------------------------------------------------------------------------------
                   State |                     New Encoding |                Previous Encoding 
---------------------------------------------------------------------------------------------------
                    IDEL |                             0001 |                               00
                    READ |                             0010 |                               01
              SYNCRONIZE |                             0100 |                               10
                    SEND |                             1000 |                               11
---------------------------------------------------------------------------------------------------
INFO: [Synth 8-3354] encoded FSM with state register 'r_fifo_state_reg' using encoding 'one-hot' in module 'R_FIFO'
---------------------------------------------------------------------------------
Finished RTL Optimization Phase 2 : Time (s): cpu = 00:00:04 ; elapsed = 00:00:05 . Memory (MB): peak = 777.793 ; gain = 296.211
---------------------------------------------------------------------------------

Report RTL Partitions: 
+-+--------------+------------+----------+
| |RTL Partition |Replication |Instances |
+-+--------------+------------+----------+
+-+--------------+------------+----------+
No constraint files found.
---------------------------------------------------------------------------------
Start RTL Component Statistics 
---------------------------------------------------------------------------------
Detailed RTL Component Info : 
+---Adders : 
	   2 Input     12 Bit       Adders := 2     
	   2 Input     11 Bit       Adders := 4     
	   2 Input      8 Bit       Adders := 1     
	   2 Input      7 Bit       Adders := 2     
	   2 Input      6 Bit       Adders := 4     
+---Registers : 
	               72 Bit    Registers := 1     
	               71 Bit    Registers := 3     
	               64 Bit    Registers := 1     
	               50 Bit    Registers := 2     
	               11 Bit    Registers := 2     
	                8 Bit    Registers := 2     
	                6 Bit    Registers := 2     
	                4 Bit    Registers := 1     
	                3 Bit    Registers := 1     
	                2 Bit    Registers := 4     
+---RAMs : 
	              72K Bit         RAMs := 1     
	              71K Bit         RAMs := 1     
	               1K Bit         RAMs := 2     
+---Muxes : 
	   2 Input     64 Bit        Muxes := 2     
	   2 Input     32 Bit        Muxes := 2     
	   2 Input      8 Bit        Muxes := 4     
	   2 Input      4 Bit        Muxes := 6     
	   4 Input      4 Bit        Muxes := 1     
	   2 Input      3 Bit        Muxes := 1     
	   2 Input      2 Bit        Muxes := 10    
	   2 Input      1 Bit        Muxes := 53    
	   4 Input      1 Bit        Muxes := 3     
---------------------------------------------------------------------------------
Finished RTL Component Statistics 
---------------------------------------------------------------------------------
---------------------------------------------------------------------------------
Start RTL Hierarchical Component Statistics 
---------------------------------------------------------------------------------
Hierarchical RTL Component report 
Module AXI_MASTER 
Detailed RTL Component Info : 
+---Adders : 
	   2 Input      8 Bit       Adders := 1     
+---Registers : 
	                8 Bit    Registers := 2     
+---Muxes : 
	   2 Input     64 Bit        Muxes := 2     
	   2 Input     32 Bit        Muxes := 2     
	   2 Input      8 Bit        Muxes := 4     
	   2 Input      4 Bit        Muxes := 5     
	   2 Input      3 Bit        Muxes := 1     
	   2 Input      2 Bit        Muxes := 2     
	   2 Input      1 Bit        Muxes := 13    
Module FIFO 
Detailed RTL Component Info : 
+---Adders : 
	   2 Input      7 Bit       Adders := 1     
	   2 Input      6 Bit       Adders := 2     
+---Registers : 
	               50 Bit    Registers := 1     
	                6 Bit    Registers := 1     
	                2 Bit    Registers := 1     
+---RAMs : 
	               1K Bit         RAMs := 1     
+---Muxes : 
	   2 Input      2 Bit        Muxes := 2     
	   2 Input      1 Bit        Muxes := 10    
Module FIFO__parameterized0 
Detailed RTL Component Info : 
+---Adders : 
	   2 Input     12 Bit       Adders := 1     
	   2 Input     11 Bit       Adders := 2     
+---Registers : 
	               72 Bit    Registers := 1     
	               11 Bit    Registers := 1     
	                2 Bit    Registers := 1     
+---RAMs : 
	              72K Bit         RAMs := 1     
+---Muxes : 
	   2 Input      2 Bit        Muxes := 2     
	   2 Input      1 Bit        Muxes := 10    
Module FIFO__parameterized1 
Detailed RTL Component Info : 
+---Adders : 
	   2 Input     12 Bit       Adders := 1     
	   2 Input     11 Bit       Adders := 2     
+---Registers : 
	               71 Bit    Registers := 1     
	               11 Bit    Registers := 1     
	                2 Bit    Registers := 1     
+---RAMs : 
	              71K Bit         RAMs := 1     
+---Muxes : 
	   2 Input      2 Bit        Muxes := 2     
	   2 Input      1 Bit        Muxes := 10    
Module R_FIFO 
Detailed RTL Component Info : 
+---Registers : 
	               71 Bit    Registers := 2     
	               64 Bit    Registers := 1     
	                4 Bit    Registers := 1     
	                3 Bit    Registers := 1     
+---Muxes : 
	   4 Input      4 Bit        Muxes := 1     
	   2 Input      4 Bit        Muxes := 1     
	   4 Input      1 Bit        Muxes := 3     
---------------------------------------------------------------------------------
Finished RTL Hierarchical Component Statistics
---------------------------------------------------------------------------------
---------------------------------------------------------------------------------
Start Part Resource Summary
---------------------------------------------------------------------------------
Part Resources:
DSPs: 900 (col length:140)
BRAMs: 1090 (col length: RAMB18 140 RAMB36 70)
---------------------------------------------------------------------------------
Finished Part Resource Summary
---------------------------------------------------------------------------------
No constraint files found.
---------------------------------------------------------------------------------
Start Cross Boundary and Area Optimization
---------------------------------------------------------------------------------
Warning: Parallel synthesis criteria is not met 
WARNING: [Synth 8-3331] design W_FIFO has unconnected port wlast
WARNING: [Synth 8-3331] design AXI_MASTER has unconnected port bresp[2]
WARNING: [Synth 8-3331] design AXI_MASTER has unconnected port bresp[1]
WARNING: [Synth 8-3331] design AXI_MASTER has unconnected port bresp[0]
WARNING: [Synth 8-3331] design AXI_MASTER has unconnected port bid[3]
WARNING: [Synth 8-3331] design AXI_MASTER has unconnected port bid[2]
WARNING: [Synth 8-3331] design AXI_MASTER has unconnected port bid[1]
WARNING: [Synth 8-3331] design AXI_MASTER has unconnected port bid[0]
INFO: [Synth 8-3333] propagating constant 0 across sequential element (WRT_BUFFER_INST/W_FIFO_INST/W_FIFO_INST/\wr_state_reg[1] )
INFO: [Synth 8-3333] propagating constant 0 across sequential element (INST_READ_BUFFER/r_fifo_inst/R_FIFO_INST/\wr_pointer_reg[10] )
INFO: [Synth 8-3333] propagating constant 0 across sequential element (INST_READ_BUFFER/r_fifo_inst/R_FIFO_INST/\wr_state_reg[1] )
INFO: [Synth 8-3333] propagating constant 0 across sequential element (WRT_BUFFER_INST/W_FIFO_INST/W_FIFO_INST/\wr_pointer_reg[10] )
INFO: [Synth 8-3333] propagating constant 0 across sequential element (FIFO:/\wr_pointer_reg[5] )
INFO: [Synth 8-3333] propagating constant 0 across sequential element (FIFO:/\wr_state_reg[1] )
WARNING: [Synth 8-3332] Sequential element (FSM_sequential_b_state_reg) is unused and will be removed from module AXI_MASTER.
---------------------------------------------------------------------------------
Finished Cross Boundary and Area Optimization : Time (s): cpu = 00:00:07 ; elapsed = 00:00:10 . Memory (MB): peak = 1038.535 ; gain = 556.953
---------------------------------------------------------------------------------
---------------------------------------------------------------------------------
Start ROM, RAM, DSP and Shift Register Reporting
---------------------------------------------------------------------------------

Block RAM: Preliminary Mapping	Report (see note below)
+-----------------------------------------+------------+------------------------+---+---+------------------------+---+---+------------------+--------+--------+
|Module Name                              | RTL Object | PORT A (Depth x Width) | W | R | PORT B (Depth x Width) | W | R | Ports driving FF | RAMB18 | RAMB36 | 
+-----------------------------------------+------------+------------------------+---+---+------------------------+---+---+------------------+--------+--------+
|FIFO:                                    | mem_reg    | 32 x 50(NO_CHANGE)     | W |   | 32 x 50(WRITE_FIRST)   |   | R | Port A and B     | 0      | 1      | 
|WRT_BUFFER_INST/W_FIFO_INST/W_FIFO_INST  | mem_reg    | 1 K x 72(NO_CHANGE)    | W |   | 1 K x 72(WRITE_FIRST)  |   | R | Port A and B     | 0      | 2      | 
|FIFO:                                    | mem_reg    | 32 x 50(NO_CHANGE)     | W |   | 32 x 50(WRITE_FIRST)   |   | R | Port A and B     | 0      | 1      | 
|INST_READ_BUFFER/r_fifo_inst/R_FIFO_INST | mem_reg    | 1 K x 71(NO_CHANGE)    | W |   | 1 K x 71(WRITE_FIRST)  |   | R | Port A and B     | 0      | 2      | 
+-----------------------------------------+------------+------------------------+---+---+------------------------+---+---+------------------+--------+--------+

Note: The table above is a preliminary report that shows the Block RAMs at the current stage of the synthesis flow. Some Block RAMs may be reimplemented as non Block RAM primitives later in the synthesis flow. Multiple instantiated Block RAMs are reported only once. 
---------------------------------------------------------------------------------
Finished ROM, RAM, DSP and Shift Register Reporting
---------------------------------------------------------------------------------

Report RTL Partitions: 
+-+--------------+------------+----------+
| |RTL Partition |Replication |Instances |
+-+--------------+------------+----------+
+-+--------------+------------+----------+
No constraint files found.
---------------------------------------------------------------------------------
Start Timing Optimization
---------------------------------------------------------------------------------
---------------------------------------------------------------------------------
Finished Timing Optimization : Time (s): cpu = 00:00:07 ; elapsed = 00:00:10 . Memory (MB): peak = 1044.297 ; gain = 562.715
---------------------------------------------------------------------------------
---------------------------------------------------------------------------------
Start ROM, RAM, DSP and Shift Register Reporting
---------------------------------------------------------------------------------

Block RAM: Final Mapping	Report
+-----------------------------------------+------------+------------------------+---+---+------------------------+---+---+------------------+--------+--------+
|Module Name                              | RTL Object | PORT A (Depth x Width) | W | R | PORT B (Depth x Width) | W | R | Ports driving FF | RAMB18 | RAMB36 | 
+-----------------------------------------+------------+------------------------+---+---+------------------------+---+---+------------------+--------+--------+
|FIFO:                                    | mem_reg    | 32 x 50(NO_CHANGE)     | W |   | 32 x 50(WRITE_FIRST)   |   | R | Port A and B     | 0      | 1      | 
|WRT_BUFFER_INST/W_FIFO_INST/W_FIFO_INST  | mem_reg    | 1 K x 72(NO_CHANGE)    | W |   | 1 K x 72(WRITE_FIRST)  |   | R | Port A and B     | 0      | 2      | 
|FIFO:                                    | mem_reg    | 32 x 50(NO_CHANGE)     | W |   | 32 x 50(WRITE_FIRST)   |   | R | Port A and B     | 0      | 1      | 
|INST_READ_BUFFER/r_fifo_inst/R_FIFO_INST | mem_reg    | 1 K x 71(NO_CHANGE)    | W |   | 1 K x 71(WRITE_FIRST)  |   | R | Port A and B     | 0      | 2      | 
+-----------------------------------------+------------+------------------------+---+---+------------------------+---+---+------------------+--------+--------+

---------------------------------------------------------------------------------
Finished ROM, RAM, DSP and Shift Register Reporting
---------------------------------------------------------------------------------

Report RTL Partitions: 
+-+--------------+------------+----------+
| |RTL Partition |Replication |Instances |
+-+--------------+------------+----------+
+-+--------------+------------+----------+
---------------------------------------------------------------------------------
Start Technology Mapping
---------------------------------------------------------------------------------
INFO: [Synth 8-3886] merging instance 'INST_READ_BUFFER/r_fifo_inst/R_FIFO_INST/rd_pointer_reg_rep[0]' (FDRE) to 'INST_READ_BUFFER/r_fifo_inst/R_FIFO_INST/rd_pointer_reg[0]'
INFO: [Synth 8-3886] merging instance 'INST_READ_BUFFER/r_fifo_inst/R_FIFO_INST/rd_pointer_reg_rep[1]' (FDRE) to 'INST_READ_BUFFER/r_fifo_inst/R_FIFO_INST/rd_pointer_reg[1]'
INFO: [Synth 8-3886] merging instance 'INST_READ_BUFFER/r_fifo_inst/R_FIFO_INST/rd_pointer_reg_rep[2]' (FDRE) to 'INST_READ_BUFFER/r_fifo_inst/R_FIFO_INST/rd_pointer_reg[2]'
INFO: [Synth 8-3886] merging instance 'INST_READ_BUFFER/r_fifo_inst/R_FIFO_INST/rd_pointer_reg_rep[3]' (FDRE) to 'INST_READ_BUFFER/r_fifo_inst/R_FIFO_INST/rd_pointer_reg[3]'
INFO: [Synth 8-3886] merging instance 'INST_READ_BUFFER/r_fifo_inst/R_FIFO_INST/rd_pointer_reg_rep[4]' (FDRE) to 'INST_READ_BUFFER/r_fifo_inst/R_FIFO_INST/rd_pointer_reg[4]'
INFO: [Synth 8-3886] merging instance 'INST_READ_BUFFER/r_fifo_inst/R_FIFO_INST/rd_pointer_reg_rep[5]' (FDRE) to 'INST_READ_BUFFER/r_fifo_inst/R_FIFO_INST/rd_pointer_reg[5]'
INFO: [Synth 8-3886] merging instance 'INST_READ_BUFFER/r_fifo_inst/R_FIFO_INST/rd_pointer_reg_rep[6]' (FDRE) to 'INST_READ_BUFFER/r_fifo_inst/R_FIFO_INST/rd_pointer_reg[6]'
INFO: [Synth 8-3886] merging instance 'INST_READ_BUFFER/r_fifo_inst/R_FIFO_INST/rd_pointer_reg_rep[7]' (FDRE) to 'INST_READ_BUFFER/r_fifo_inst/R_FIFO_INST/rd_pointer_reg[7]'
INFO: [Synth 8-3886] merging instance 'INST_READ_BUFFER/r_fifo_inst/R_FIFO_INST/rd_pointer_reg_rep[8]' (FDRE) to 'INST_READ_BUFFER/r_fifo_inst/R_FIFO_INST/rd_pointer_reg[8]'
INFO: [Synth 8-3886] merging instance 'INST_READ_BUFFER/r_fifo_inst/R_FIFO_INST/rd_pointer_reg_rep[9]' (FDRE) to 'INST_READ_BUFFER/r_fifo_inst/R_FIFO_INST/rd_pointer_reg[9]'
INFO: [Synth 8-3886] merging instance 'INST_READ_BUFFER/AR_FIFO_INST_READ_BUFFER/ARFIFO/rd_pointer_reg_rep[0]' (FDRE) to 'INST_READ_BUFFER/AR_FIFO_INST_READ_BUFFER/ARFIFO/rd_pointer_reg[0]'
INFO: [Synth 8-3886] merging instance 'INST_READ_BUFFER/AR_FIFO_INST_READ_BUFFER/ARFIFO/rd_pointer_reg_rep[1]' (FDRE) to 'INST_READ_BUFFER/AR_FIFO_INST_READ_BUFFER/ARFIFO/rd_pointer_reg[1]'
INFO: [Synth 8-3886] merging instance 'INST_READ_BUFFER/AR_FIFO_INST_READ_BUFFER/ARFIFO/rd_pointer_reg_rep[2]' (FDRE) to 'INST_READ_BUFFER/AR_FIFO_INST_READ_BUFFER/ARFIFO/rd_pointer_reg[2]'
INFO: [Synth 8-3886] merging instance 'INST_READ_BUFFER/AR_FIFO_INST_READ_BUFFER/ARFIFO/rd_pointer_reg_rep[3]' (FDRE) to 'INST_READ_BUFFER/AR_FIFO_INST_READ_BUFFER/ARFIFO/rd_pointer_reg[3]'
INFO: [Synth 8-3886] merging instance 'INST_READ_BUFFER/AR_FIFO_INST_READ_BUFFER/ARFIFO/rd_pointer_reg_rep[4]' (FDRE) to 'INST_READ_BUFFER/AR_FIFO_INST_READ_BUFFER/ARFIFO/rd_pointer_reg[4]'
INFO: [Synth 8-3886] merging instance 'WRT_BUFFER_INST/W_FIFO_INST/W_FIFO_INST/rd_pointer_reg_rep[0]' (FDRE) to 'WRT_BUFFER_INST/W_FIFO_INST/W_FIFO_INST/rd_pointer_reg[0]'
INFO: [Synth 8-3886] merging instance 'WRT_BUFFER_INST/W_FIFO_INST/W_FIFO_INST/rd_pointer_reg_rep[1]' (FDRE) to 'WRT_BUFFER_INST/W_FIFO_INST/W_FIFO_INST/rd_pointer_reg[1]'
INFO: [Synth 8-3886] merging instance 'WRT_BUFFER_INST/W_FIFO_INST/W_FIFO_INST/rd_pointer_reg_rep[2]' (FDRE) to 'WRT_BUFFER_INST/W_FIFO_INST/W_FIFO_INST/rd_pointer_reg[2]'
INFO: [Synth 8-3886] merging instance 'WRT_BUFFER_INST/W_FIFO_INST/W_FIFO_INST/rd_pointer_reg_rep[3]' (FDRE) to 'WRT_BUFFER_INST/W_FIFO_INST/W_FIFO_INST/rd_pointer_reg[3]'
INFO: [Synth 8-3886] merging instance 'WRT_BUFFER_INST/W_FIFO_INST/W_FIFO_INST/rd_pointer_reg_rep[4]' (FDRE) to 'WRT_BUFFER_INST/W_FIFO_INST/W_FIFO_INST/rd_pointer_reg[4]'
INFO: [Synth 8-3886] merging instance 'WRT_BUFFER_INST/W_FIFO_INST/W_FIFO_INST/rd_pointer_reg_rep[5]' (FDRE) to 'WRT_BUFFER_INST/W_FIFO_INST/W_FIFO_INST/rd_pointer_reg[5]'
INFO: [Synth 8-3886] merging instance 'WRT_BUFFER_INST/W_FIFO_INST/W_FIFO_INST/rd_pointer_reg_rep[6]' (FDRE) to 'WRT_BUFFER_INST/W_FIFO_INST/W_FIFO_INST/rd_pointer_reg[6]'
INFO: [Synth 8-3886] merging instance 'WRT_BUFFER_INST/W_FIFO_INST/W_FIFO_INST/rd_pointer_reg_rep[7]' (FDRE) to 'WRT_BUFFER_INST/W_FIFO_INST/W_FIFO_INST/rd_pointer_reg[7]'
INFO: [Synth 8-3886] merging instance 'WRT_BUFFER_INST/W_FIFO_INST/W_FIFO_INST/rd_pointer_reg_rep[8]' (FDRE) to 'WRT_BUFFER_INST/W_FIFO_INST/W_FIFO_INST/rd_pointer_reg[8]'
INFO: [Synth 8-3886] merging instance 'WRT_BUFFER_INST/W_FIFO_INST/W_FIFO_INST/rd_pointer_reg_rep[9]' (FDRE) to 'WRT_BUFFER_INST/W_FIFO_INST/W_FIFO_INST/rd_pointer_reg[9]'
INFO: [Synth 8-3886] merging instance 'WRT_BUFFER_INST/AW_FIFO_INST/AWFIFO/rd_pointer_reg_rep[0]' (FDRE) to 'WRT_BUFFER_INST/AW_FIFO_INST/AWFIFO/rd_pointer_reg[0]'
INFO: [Synth 8-3886] merging instance 'WRT_BUFFER_INST/AW_FIFO_INST/AWFIFO/rd_pointer_reg_rep[1]' (FDRE) to 'WRT_BUFFER_INST/AW_FIFO_INST/AWFIFO/rd_pointer_reg[1]'
INFO: [Synth 8-3886] merging instance 'WRT_BUFFER_INST/AW_FIFO_INST/AWFIFO/rd_pointer_reg_rep[2]' (FDRE) to 'WRT_BUFFER_INST/AW_FIFO_INST/AWFIFO/rd_pointer_reg[2]'
INFO: [Synth 8-3886] merging instance 'WRT_BUFFER_INST/AW_FIFO_INST/AWFIFO/rd_pointer_reg_rep[3]' (FDRE) to 'WRT_BUFFER_INST/AW_FIFO_INST/AWFIFO/rd_pointer_reg[3]'
INFO: [Synth 8-3886] merging instance 'WRT_BUFFER_INST/AW_FIFO_INST/AWFIFO/rd_pointer_reg_rep[4]' (FDRE) to 'WRT_BUFFER_INST/AW_FIFO_INST/AWFIFO/rd_pointer_reg[4]'
INFO: [Synth 8-7053] The timing for the instance WRT_BUFFER_INST/AW_FIFO_INST/AWFIFO/mem_reg (implemented as a Block RAM) might be sub-optimal as no optional output register could be merged into the ram block. Providing additional output register may help in improving timing.
INFO: [Synth 8-7053] The timing for the instance WRT_BUFFER_INST/W_FIFO_INST/W_FIFO_INST/mem_reg_0 (implemented as a Block RAM) might be sub-optimal as no optional output register could be merged into the ram block. Providing additional output register may help in improving timing.
INFO: [Synth 8-7053] The timing for the instance WRT_BUFFER_INST/W_FIFO_INST/W_FIFO_INST/mem_reg_1 (implemented as a Block RAM) might be sub-optimal as no optional output register could be merged into the ram block. Providing additional output register may help in improving timing.
INFO: [Synth 8-7053] The timing for the instance INST_READ_BUFFER/AR_FIFO_INST_READ_BUFFER/ARFIFO/mem_reg (implemented as a Block RAM) might be sub-optimal as no optional output register could be merged into the ram block. Providing additional output register may help in improving timing.
INFO: [Synth 8-7053] The timing for the instance INST_READ_BUFFER/r_fifo_inst/R_FIFO_INST/mem_reg_0 (implemented as a Block RAM) might be sub-optimal as no optional output register could be merged into the ram block. Providing additional output register may help in improving timing.
INFO: [Synth 8-7053] The timing for the instance INST_READ_BUFFER/r_fifo_inst/R_FIFO_INST/mem_reg_1 (implemented as a Block RAM) might be sub-optimal as no optional output register could be merged into the ram block. Providing additional output register may help in improving timing.
---------------------------------------------------------------------------------
Finished Technology Mapping : Time (s): cpu = 00:00:07 ; elapsed = 00:00:10 . Memory (MB): peak = 1044.480 ; gain = 562.898
---------------------------------------------------------------------------------

Report RTL Partitions: 
+-+--------------+------------+----------+
| |RTL Partition |Replication |Instances |
+-+--------------+------------+----------+
+-+--------------+------------+----------+
---------------------------------------------------------------------------------
Start IO Insertion
---------------------------------------------------------------------------------
---------------------------------------------------------------------------------
Start Final Netlist Cleanup
---------------------------------------------------------------------------------
---------------------------------------------------------------------------------
Finished Final Netlist Cleanup
---------------------------------------------------------------------------------
---------------------------------------------------------------------------------
Finished IO Insertion : Time (s): cpu = 00:00:09 ; elapsed = 00:00:13 . Memory (MB): peak = 1044.480 ; gain = 562.898
---------------------------------------------------------------------------------
---------------------------------------------------------------------------------
Start Renaming Generated Instances
---------------------------------------------------------------------------------
---------------------------------------------------------------------------------
Finished Renaming Generated Instances : Time (s): cpu = 00:00:09 ; elapsed = 00:00:13 . Memory (MB): peak = 1044.480 ; gain = 562.898
---------------------------------------------------------------------------------

Report RTL Partitions: 
+-+--------------+------------+----------+
| |RTL Partition |Replication |Instances |
+-+--------------+------------+----------+
+-+--------------+------------+----------+

Report Check Netlist: 
+------+------------------+-------+---------+-------+------------------+
|      |Item              |Errors |Warnings |Status |Description       |
+------+------------------+-------+---------+-------+------------------+
|1     |multi_driven_nets |      0|        0|Passed |Multi driven nets |
+------+------------------+-------+---------+-------+------------------+
---------------------------------------------------------------------------------
Start Handling Custom Attributes
---------------------------------------------------------------------------------
---------------------------------------------------------------------------------
Finished Handling Custom Attributes : Time (s): cpu = 00:00:09 ; elapsed = 00:00:13 . Memory (MB): peak = 1045.309 ; gain = 563.727
---------------------------------------------------------------------------------
---------------------------------------------------------------------------------
Start Writing Synthesis Report
---------------------------------------------------------------------------------

Report BlackBoxes: 
+-+--------------+----------+
| |BlackBox name |Instances |
+-+--------------+----------+
+-+--------------+----------+

Report Cell Usage: 
+------+---------+------+
|      |Cell     |Count |
+------+---------+------+
|1     |BUFG     |     2|
|2     |CARRY4   |    10|
|3     |LUT1     |    14|
|4     |LUT2     |   226|
|5     |LUT3     |    30|
|6     |LUT4     |    23|
|7     |LUT5     |    27|
|8     |LUT6     |    67|
|9     |RAMB36E1 |     6|
|10    |FDRE     |   301|
|11    |FDSE     |     4|
|12    |IBUF     |   134|
|13    |OBUF     |   254|
+------+---------+------+

Report Instance Areas: 
+------+-----------------------------+---------------------+------+
|      |Instance                     |Module               |Cells |
+------+-----------------------------+---------------------+------+
|1     |top                          |                     |  1098|
|2     |  master_inst                |AXI_MASTER           |   247|
|3     |  WRT_BUFFER_INST            |WRITE_BUFFER         |   104|
|4     |    AW_FIFO_INST             |AW_FIFO              |    38|
|5     |      AWFIFO                 |FIFO__1              |    38|
|6     |    W_FIFO_INST              |W_FIFO               |    66|
|7     |      W_FIFO_INST            |FIFO__parameterized0 |    66|
|8     |  INST_READ_BUFFER           |READ_BUFFER          |   357|
|9     |    AR_FIFO_INST_READ_BUFFER |AR_FIFO              |    38|
|10    |      ARFIFO                 |FIFO                 |    38|
|11    |    r_fifo_inst              |R_FIFO               |   319|
|12    |      R_FIFO_INST            |FIFO__parameterized1 |    67|
+------+-----------------------------+---------------------+------+
---------------------------------------------------------------------------------
Finished Writing Synthesis Report : Time (s): cpu = 00:00:09 ; elapsed = 00:00:13 . Memory (MB): peak = 1045.309 ; gain = 563.727
---------------------------------------------------------------------------------
Synthesis finished with 0 errors, 0 critical warnings and 28 warnings.
Synthesis Optimization Runtime : Time (s): cpu = 00:00:09 ; elapsed = 00:00:13 . Memory (MB): peak = 1045.309 ; gain = 563.727
Synthesis Optimization Complete : Time (s): cpu = 00:00:09 ; elapsed = 00:00:13 . Memory (MB): peak = 1045.309 ; gain = 563.727
INFO: [Project 1-571] Translating synthesized netlist
Netlist sorting complete. Time (s): cpu = 00:00:00 ; elapsed = 00:00:00.020 . Memory (MB): peak = 1057.355 ; gain = 0.000
INFO: [Netlist 29-17] Analyzing 16 Unisim elements for replacement
INFO: [Netlist 29-28] Unisim Transformation completed in 0 CPU seconds
INFO: [Project 1-570] Preparing netlist for logic optimization
INFO: [Opt 31-138] Pushed 0 inverter(s) to 0 load pin(s).
Netlist sorting complete. Time (s): cpu = 00:00:00 ; elapsed = 00:00:00.001 . Memory (MB): peak = 1166.637 ; gain = 0.000
INFO: [Project 1-111] Unisim Transformation Summary:
No Unisim elements were transformed.

INFO: [Common 17-83] Releasing license: Synthesis
103 Infos, 28 Warnings, 0 Critical Warnings and 0 Errors encountered.
synth_design completed successfully
synth_design: Time (s): cpu = 00:00:11 ; elapsed = 00:00:17 . Memory (MB): peak = 1166.637 ; gain = 692.605
Netlist sorting complete. Time (s): cpu = 00:00:00 ; elapsed = 00:00:00 . Memory (MB): peak = 1166.637 ; gain = 0.000
WARNING: [Constraints 18-5210] No constraints selected for write.
Resolution: This message can indicate that there are no constraints for the design, or it can indicate that the used_in flags are set such that the constraints are ignored. This later case is used when running synth_design to not write synthesis constraints to the resulting checkpoint. Instead, project constraints are read when the synthesized design is opened.
INFO: [Common 17-1381] The checkpoint 'C:/Users/demon/INTERNSHIP/src_sim_vivado/AXI_UART_V2/AXI_UART_V2.runs/synth_2/AXI_TOP_WRAPPER.dcp' has been generated.
INFO: [runtcl-4] Executing : report_utilization -file AXI_TOP_WRAPPER_utilization_synth.rpt -pb AXI_TOP_WRAPPER_utilization_synth.pb
INFO: [Common 17-206] Exiting Vivado at Thu May 22 10:49:40 2025...
